Version identifier: 12.10.0.0 | 2019-11-26 | 843d4de
CPXPARAM_Preprocessing_Presolve                  0
CPXPARAM_Read_DataCheck                          1
CPXPARAM_Threads                                 1
CPXPARAM_MIP_Display                             4
CPXPARAM_MIP_Strategy_Search                     1
CPXPARAM_MIP_Interval                            1
CPXPARAM_TimeLimit                               3600
CPXPARAM_MIP_Limits_CutsFactor                   0
Lazy constraint(s) or lazy constraint/branch callback is present.
    Disabling dual reductions (CPX_PARAM_REDUCE) in presolve.
    Disabling non-linear reductions (CPX_PARAM_PRELINEAR) in presolve.
    Disabling presolve reductions that prevent crushing forms.
Dual steepest-edge pricing selected.
MIP emphasis: balance optimality and feasibility.
MIP search method: traditional branch-and-cut.
Parallel mode: none, using 1 thread.
Initializing dual steep norms . . .

Iteration log . . .
Iteration:     1   Dual objective     =        131686.000000
Iteration:   175   Dual objective     =       3970633.000000
Root relaxation solution time = 0.01 sec. (6.37 ticks)

        Nodes                                         Cuts/
   Node  Left     Objective  IInf  Best Integer    Best Bound    ItCnt     Gap         Variable B NodeID Parent  Depth

      0     0  4541254.5000    36                4541254.5000      303         
      0     0  4727393.0000    36                   User: 141      358         
      0     0  5002568.0000    36                    User: 52      378         
      0     0  5068027.6667    36                    User: 22      394         
      0     0  5094748.0000    36                    User: 28      407         
*     0+    0                       6.17372e+07  5094748.0000            91.75%
Found incumbent of value 6.1737207e+07 after 4.59 sec. (571.15 ticks)
      0     2  5094748.0000    26   6.17372e+07  5094748.0000      407   91.75%                        0             0
Elapsed time = 4.85 sec. (853.81 ticks, tree = 0.01 MB, solutions = 1)
Cannot find any cut at node 1
      1     3  5095953.0000    26   6.17372e+07  5094748.0000      410   91.75%       x.140.171 D      1      0      1
Cut score: 2006.0000, branch score: 2610.0000
      2     4  5097027.0000    20   6.17372e+07  5094748.0000      413   91.75%        x.63.194 D      2      1      2
Cut score: 2006.0000, branch score: 1802.5000
At node 3, add 1 user cuts
Cut score: 344.6667, branch score: 2034.5000
      3     5  5101623.5000    27   6.17372e+07  5094748.0000      420   91.75%        x.84.136 N      3      2      3
                                                      User: 1                  
Cut score: 344.6667, branch score: 1915.5833
      4     6  5101740.5000    39   6.17372e+07  5094748.0000      436   91.75%        x.84.136 U      4      2      3
Cut score: 517.0000, branch score: 1031.5000
      5     7  5102626.5000    22   6.17372e+07  5094748.0000      439   91.75%         x.92.96 D      5      3      4
Cannot find any cut at node 6
      6     8  5103512.5000    12   6.17372e+07  5094748.0000      441   91.75%          x.7.63 D      6      5      5
Cannot find any cut at node 7
      7     9  5105163.5000    14   6.17372e+07  5094748.0000      443   91.75%         x.57.95 D      7      6      6
Cannot find any cut at node 8
      8    10  5106072.5000    12   6.17372e+07  5094748.0000      444   91.75%         x.57.95 U      8      6      6
Cannot find any cut at node 9
      9    11  5109045.5000    14   6.17372e+07  5094748.0000      446   91.75%        x.95.191 D      9      7      7
Cannot find any cut at node 10
     10    12  5109374.5000    12   6.17372e+07  5094748.0000      447   91.75%        x.95.191 U     10      7      7
Elapsed time = 23.66 sec. (1331.44 ticks, tree = 0.09 MB, solutions = 1)
Cut score: 2243.0000, branch score: 4341.3333
     11    13  5117138.5000    12   6.17372e+07  5094748.0000      449   91.75%       x.104.127 D     11      9      8
Cannot find any cut at node 12
     12    14  5111722.5000    12   6.17372e+07  5094748.0000      451   91.75%       x.104.127 U     12      9      8
Cut score: 5426.5000, branch score: 2160.2500
At node 13, add 6 user cuts
Cannot find any cut at node 13
     13    15  5117629.0000    14   6.17372e+07  5094748.0000      459   91.75%        x.57.191 N     13     12      9
                                                      User: 6                  
Cannot find any cut at node 14
     14    16  5127276.0000    12   6.17372e+07  5094748.0000      467   91.75%        x.57.191 U     14     12      9
Cannot find any cut at node 15
     15    17  5118764.0000    18   6.17372e+07  5094748.0000      470   91.75%        x.57.119 D     15     13     10
Cannot find any cut at node 16
     16    18  5119091.0000    20   6.17372e+07  5094748.0000      471   91.75%        x.33.191 D     16     15     11
Cut score: 662.0000, branch score: 1217.3333
     17    19  5119119.5000    20   6.17372e+07  5094748.0000      472   91.75%        x.59.143 D     17     16     12
Cut score: 662.0000, branch score: 464.0000
At node 18, add 15 user cuts
Cannot find any cut at node 18
     18    20  5120556.0000    16   6.17372e+07  5094748.0000      474   91.75%         x.15.62 N     18     17     13
                                                     User: 15                  
Cannot find any cut at node 19
     19    21  5120653.5000    12   6.17372e+07  5094748.0000      475   91.75%        x.57.104 D     19     18     14
Cannot find any cut at node 20
*    20+   20                      5590761.0000  5094748.0000             8.87%
Found incumbent of value 5590761.000000 after 41.49 sec. (1738.12 ticks)
     20    22  5120950.0000    12  5590761.0000  5094748.0000      476    8.87%       x.119.186 D     20     19     15
                                                      User: 3                  
Elapsed time = 41.50 sec. (1738.51 ticks, tree = 0.17 MB, solutions = 2)
Cannot find any cut at node 21
     21    23  5134569.0000    12  5590761.0000  5094748.0000      491    8.87%       x.119.186 U     21     19     15
Cannot find any cut at node 22
     22    24  5123749.5000    12  5590761.0000  5094748.0000      493    8.87%        x.94.187 D     22     20     16
Cannot find any cut at node 23
     23    25  5122132.0000    12  5590761.0000  5094748.0000      494    8.87%        x.94.187 U     23     20     16
Cannot find any cut at node 24
     24    26  5124382.5000    12  5590761.0000  5094748.0000      497    8.87%        x.92.154 N     24     23     17
Cut score: 788.0000, branch score: 1612.0000
     25    27  5125751.0000    14  5590761.0000  5094748.0000      499    8.87%        x.92.154 U     25     23     17
Cannot find any cut at node 26
     26    28  5130252.0000    14  5590761.0000  5094748.0000      502    8.87%        x.26.187 D     26     24     18
Cannot find any cut at node 27
     27    29  5125612.0000    12  5590761.0000  5094748.0000      505    8.87%        x.26.187 U     27     24     18
Cannot find any cut at node 28
     28    30  5126653.0000    14  5590761.0000  5094748.0000      506    8.87%       x.101.154 D     28     27     19
Cannot find any cut at node 29
     29    31  5132132.0000    14  5590761.0000  5094748.0000      512    8.87%       x.101.154 U     29     27     19
Cut score: 324.0000, branch score: 337.5833
     30    32  5127538.5000    12  5590761.0000  5094748.0000      514    8.87%       x.101.122 D     30     28     20
Elapsed time = 53.12 sec. (2043.96 ticks, tree = 0.26 MB, solutions = 2)
Cannot find any cut at node 31
     31    33  5128020.0000    12  5590761.0000  5094748.0000      515    8.87%       x.101.122 U     31     28     20
Cannot find any cut at node 32
     32    34  5127862.5000    14  5590761.0000  5094748.0000      517    8.87%        x.47.181 D     32     30     21
Cut score: 7164.0000, branch score: 752.0833
At node 33, add 1 user cuts
Cut score: 881.0000, branch score: 1369.4167
     33    35  5135108.0000     6  5590761.0000  5094748.0000      529    8.87%        x.47.181 N     33     30     21
                                                      User: 1                  
Cut score: 6010.0000, branch score: 3553.0000
At node 34, add 19 user cuts
Cannot find any cut at node 34
     34    36  5135369.0000    14  5590761.0000  5094748.0000      537    8.87%         x.63.76 N     34     32     22
                                                     User: 19                  
Cannot find any cut at node 35
     35    37  5128379.5000    12  5590761.0000  5094748.0000      538    8.87%         x.63.76 U     35     32     22
Cannot find any cut at node 36
     36    38  5129368.5000    12  5590761.0000  5094748.0000      541    8.87%       x.192.194 D     36     35     23
Cannot find any cut at node 37
     37    39  5132461.0000    12  5590761.0000  5094748.0000      545    8.87%       x.192.194 U     37     35     23
Cannot find any cut at node 38
     38    40  5132371.0000    12  5590761.0000  5094748.0000      549    8.87%        x.63.116 D     38     36     24
Cannot find any cut at node 39
     39    41  5131561.0000    14  5590761.0000  5094748.0000      555    8.87%        x.63.116 U     39     36     24
Cannot find any cut at node 40
*    40+   40                      5499049.0000  5094748.0000             7.35%
Found incumbent of value 5499049.000000 after 69.01 sec. (2412.39 ticks)
     40    42  5132546.5000    14  5499049.0000  5094748.0000      558    7.35%         x.12.65 D     40     39     25
                                                      User: 5                  
Elapsed time = 69.08 sec. (2508.77 ticks, tree = 0.36 MB, solutions = 3)
Cannot find any cut at node 41
     41    43  5134850.0000    14  5499049.0000  5094748.0000      559    7.35%         x.12.65 U     41     39     25
Cut score: 400.5000, branch score: 900.9167
     42    44  5138329.5000    14  5499049.0000  5094748.0000      572    7.35%       x.116.192 D     42     40     26
Cut score: 1.5000, branch score: 616.8333
     43    45  5132819.5000    20  5499049.0000  5094748.0000      573    7.35%       x.116.192 U     43     40     26
Cut score: 63.0000, branch score: 454.5000
     44    46  5135111.5000    12  5499049.0000  5094748.0000      578    7.35%         x.76.96 D     44     43     27
Cannot find any cut at node 45
     45    47  5134185.0000    14  5499049.0000  5094748.0000      579    7.35%         x.76.96 U     45     43     27
Cannot find any cut at node 46
     46    48  5136401.5000    28  5499049.0000  5094748.0000      584    7.35%        x.92.101 D     46     45     28
Cut score: 5548.5000, branch score: 3591.5000
At node 47, add 115 user cuts
Cannot find any cut at node 47
     47    49  5153053.0000    12  5499049.0000  5094748.0000      595    7.35%        x.92.101 N     47     45     28
                                                    User: 115                  
Cannot find any cut at node 48
     48    50  5136550.0000    14  5499049.0000  5094748.0000      596    7.35%         x.56.67 D     48     46     29
Cut score: 2265.3333, branch score: 3736.4167
     49    51  5136877.1667    27  5499049.0000  5094748.0000      597    7.35%         x.56.67 U     49     46     29
Cannot find any cut at node 50
     50    52  5137637.0000    14  5499049.0000  5094748.0000      604    7.35%        x.92.122 D     50     48     30
Elapsed time = 84.96 sec. (2996.93 ticks, tree = 0.46 MB, solutions = 3)
Cannot find any cut at node 51
     51    53  5146828.5000    12  5499049.0000  5094748.0000      611    7.35%        x.92.122 U     51     48     30
Cannot find any cut at node 52
     52    54  5141663.0000    14  5499049.0000  5094748.0000      619    7.35%        x.58.192 D     52     50     31
Cut score: 93.3333, branch score: 729.3333
     53    55  5137670.5000     6  5499049.0000  5094748.0000      620    7.35%        x.58.192 U     53     50     31
Cut score: 93.3333, branch score: 2814.4167
     54    56  5138168.0000     6  5499049.0000  5094748.0000      622    7.35%         x.31.65 D     54     53     32
Cut score: 93.3333, branch score: 1382.2500
     55    57  5139559.0000     6  5499049.0000  5094748.0000      630    7.35%         x.31.65 U     55     53     32
Cut score: 93.3333, branch score: 741.2500
     56    58  5140853.5000     8  5499049.0000  5094748.0000      635    7.35%         x.16.73 D     56     54     33
Cut score: 93.3333, branch score: 594.9583
     57    59  5141627.0000    18  5499049.0000  5094748.0000      643    7.35%         x.16.73 U     57     54     33
Cut score: 1681.3333, branch score: 477.5833
At node 58, add 6 user cuts
Cut score: 158.6667, branch score: 624.7778
     58    60  5146753.3333    30  5499049.0000  5094748.0000      652    7.35%         x.11.86 N     58     57     34
                                                      User: 6                  
Cut score: 158.6667, branch score: 1664.2500
     59    61  5141811.3333    30  5499049.0000  5094748.0000      655    7.35%         x.11.86 U     59     57     34
Cut score: 244.3333, branch score: 1486.7778
     60    62  5142522.0000    18  5499049.0000  5094748.0000      658    7.35%       x.122.190 D     60     59     35
Elapsed time = 112.04 sec. (3617.83 ticks, tree = 0.59 MB, solutions = 3)
Cut score: 49.0000, branch score: 744.5833
     61    63  5148243.5000    18  5499049.0000  5094748.0000      666    7.35%       x.122.190 U     61     59     35
Cut score: 1075.0000, branch score: 1295.1667
     62    64  5142951.0000    20  5499049.0000  5094748.0000      667    7.35%       x.154.196 D     62     60     36
Cut score: 5476.0000, branch score: 2273.1667
At node 63, add 109 user cuts
Cut score: 502.5000, branch score: 1519.7500
     63    65  5151723.5000    16  5499049.0000  5094748.0000      686    7.35%       x.154.196 N     63     60     36
                                                    User: 109                  
Cut score: 6854.5000, branch score: 409.5833
At node 64, add 2 user cuts
Cut score: 147.5000, branch score: 1377.6667
     64    66  5154736.5000    30  5499049.0000  5094748.0000      698    7.35%         x.62.67 N     64     62     37
                                                      User: 2                  
Cannot find any cut at node 65
     65    67  5144026.0000    22  5499049.0000  5094748.0000      702    7.35%         x.62.67 U     65     62     37
Cannot find any cut at node 66
     66    68  5144290.0000    20  5499049.0000  5094748.0000      704    7.35%         x.84.88 D     66     65     38
Cannot find any cut at node 67
     67    69  5145163.5000    20  5499049.0000  5094748.0000      708    7.35%         x.84.88 U     67     65     38
Cannot find any cut at node 68
     68    70  5149884.0000    14  5499049.0000  5094748.0000      719    7.35%         x.23.88 D     68     66     39
Cannot find any cut at node 69
     69    71  5145691.5000    20  5499049.0000  5094748.0000      723    7.35%         x.23.88 U     69     66     39
Cannot find any cut at node 70
*    70+   70                      5198996.0000  5094748.0000             2.01%
Found incumbent of value 5198996.000000 after 144.40 sec. (4411.59 ticks)
     70    72  5152097.5000    18  5198996.0000  5094748.0000      733    2.01%         x.26.92 D     70     69     40
Elapsed time = 144.40 sec. (4412.12 ticks, tree = 0.72 MB, solutions = 4)
Cannot find any cut at node 71
     71    73  5146505.0000    18  5198996.0000  5094748.0000      736    2.01%         x.26.92 U     71     69     40
Cut score: 1257.0000, branch score: 4428.8333
     72    74  5147306.5000     6  5198996.0000  5094748.0000      737    2.01%       x.118.181 D     72     71     41
Cannot find any cut at node 73
     73    75  5148410.0000    16  5198996.0000  5094748.0000      740    2.01%       x.118.181 U     73     71     41
Cut score: 1257.0000, branch score: 943.5833
At node 74, add 1 user cuts
Cannot find any cut at node 74
     74    76  5149382.5000    14  5198996.0000  5094748.0000      744    2.01%        x.95.119 N     74     72     42
                                                      User: 1                  
Cannot find any cut at node 75
     75    77  5171041.5000    14  5198996.0000  5094748.0000      762    2.01%        x.95.119 U     75     72     42
Cannot find any cut at node 76
     76    78  5150834.5000    16  5198996.0000  5094748.0000      764    2.01%       x.154.190 D     76     74     43
Cannot find any cut at node 77
     77    79  5159863.5000    12  5198996.0000  5094748.0000      779    2.01%       x.154.190 U     77     74     43
Cannot find any cut at node 78
     78    80  5151600.5000    20  5198996.0000  5094748.0000      782    2.01%        x.20.177 D     78     76     44
Cut score: 405.0000, branch score: 1434.5000
     79    81  5152666.0000    10  5198996.0000  5094748.0000      784    2.01%        x.20.177 U     79     76     44
Cut score: 44.0000, branch score: 3672.0000
     80    82  5151980.0000    18  5198996.0000  5094748.0000      786    2.01%        x.57.188 D     80     78     45
Elapsed time = 165.95 sec. (4691.16 ticks, tree = 0.85 MB, solutions = 4)
Cannot find any cut at node 81
     81    83  5174651.5000    20  5198996.0000  5094748.0000      800    2.01%        x.57.188 U     81     78     45
Cannot find any cut at node 82
     82    84  5153225.0000    18  5198996.0000  5094748.0000      803    2.01%        x.95.186 D     82     80     46
Cut score: 413.5000, branch score: 1434.5000
     83    85  5167787.0000    10  5198996.0000  5094748.0000      822    2.01%        x.95.186 U     83     80     46
Cannot find any cut at node 84
     84    86  5153847.5000    18  5198996.0000  5094748.0000      825    2.01%       x.186.188 D     84     82     47
Cut score: 369.5000, branch score: 1434.5000
     85    87  5170277.0000    10  5198996.0000  5094748.0000      846    2.01%       x.186.188 U     85     82     47
Cut score: 2602.0000, branch score: 2882.5000
     86    88  5159624.5000    14  5198996.0000  5094748.0000      853    2.01%       x.118.194 D     86     84     48
Cannot find any cut at node 87
     87    89  5154413.5000    14  5198996.0000  5094748.0000      855    2.01%       x.118.194 U     87     84     48
Cannot find any cut at node 88
     88    90  5154595.0000    18  5198996.0000  5094748.0000      857    2.01%         x.6.171 D     88     87     49
Cannot find any cut at node 89
     89    91  5155138.0000    14  5198996.0000  5094748.0000      858    2.01%         x.6.171 U     89     87     49
Cannot find any cut at node 90
     90    92  5155205.1667    22  5198996.0000  5094748.0000      861    2.01%       x.154.181 D     90     88     50
Elapsed time = 180.78 sec. (4985.77 ticks, tree = 0.98 MB, solutions = 4)
Cannot find any cut at node 91
     91    93  5172367.5000     8  5198996.0000  5094748.0000      881    2.01%       x.154.181 U     91     88     50
Cannot find any cut at node 92
     92    94  5155303.5000     8  5198996.0000  5094748.0000      882    2.01%         x.8.155 D     92     90     51
Cannot find any cut at node 93
     93    95  5160995.5000    16  5198996.0000  5094748.0000      888    2.01%         x.8.155 U     93     90     51
Cannot find any cut at node 94
     94    96  5155909.5000     8  5198996.0000  5094748.0000      890    2.01%        x.49.148 D     94     92     52
     95    97  5156603.5000    11  5198996.0000  5094748.0000      892    2.01%        x.95.188 D     95     94     53
                                                      User: 2                  
Cut score: 2622.5000, branch score: 842.5417
At node 96, add 34 user cuts
Cut score: 929.5000, branch score: 982.2500
     96    98  5159725.5000    24  5198996.0000  5094748.0000      910    2.01%        x.72.177 N     96     95     54
                                                     User: 34                  
Cut score: 184.2500, branch score: 184.2500
     97    99  5156614.2500    15  5198996.0000  5094748.0000      911    2.01%        x.72.177 U     97     95     54
Cannot find any cut at node 98
     98   100  5156798.5000     6  5198996.0000  5094748.0000      913    2.01%         x.20.72 D     98     97     55
Cut score: 1882.5000, branch score: 202.5000
At node 99, add 3 user cuts
Cut score: 1008.5000, branch score: 729.4167
At node 99, add 1 user cuts
Cannot find any cut at node 99
     99   101  5159523.5000     8  5198996.0000  5094748.0000      935    2.01%         x.20.72 N     99     97     55
                                                      User: 4                  
Cannot find any cut at node 100
    100   102  5159533.1250    28  5198996.0000  5094748.0000      936    2.01%        x.25.179 D    100     99     56
Elapsed time = 206.77 sec. (5502.65 ticks, tree = 1.13 MB, solutions = 4)
Cannot find any cut at node 101
    101   103  5159855.5000     8  5198996.0000  5094748.0000      941    2.01%        x.31.184 D    101    100     57
Cut score: 187.5000, branch score: 1260.8333
    102   104  5172697.5000     6  5198996.0000  5094748.0000      957    2.01%        x.31.184 U    102    100     57
*   103   100      integral     0  5173336.0000  5094748.0000      959    1.52%
Found incumbent of value 5173336.000000 after 211.51 sec. (5585.11 ticks)
    103   100  5173336.0000     0  5173336.0000  5094748.0000      959    1.52%         x.11.45 D    103    102     58
    104    99        cutoff        5173336.0000  5094748.0000      961    1.52%         x.11.45 U    104    102     58
Cannot find any cut at node 105
    105   100  5104572.0000    26  5173336.0000  5095953.0000      964    1.50%       x.140.171 U    105      0      1
Cannot find any cut at node 106
    106   101  5109653.5000    20  5173336.0000  5095953.0000      966    1.50%          x.6.27 D    106    105      2
Cannot find any cut at node 107
    107   102  5109569.5000    20  5173336.0000  5095953.0000      968    1.50%          x.6.27 U    107    105      2
Cannot find any cut at node 108
    108   103  5112994.1667    30  5173336.0000  5095953.0000      977    1.50%        x.63.194 D    108    107      3
Cannot find any cut at node 109
    109   104  5115811.5000    20  5173336.0000  5095953.0000      988    1.50%        x.63.194 U    109    107      3
Cannot find any cut at node 110
    110   105  5114169.5000    26  5173336.0000  5095953.0000      990    1.50%         x.92.96 D    110    108      4
Elapsed time = 214.04 sec. (5706.47 ticks, tree = 1.16 MB, solutions = 5)
Cannot find any cut at node 111
    111   106  5120117.0000    20  5173336.0000  5095953.0000      998    1.50%         x.92.96 U    111    108      4
Cannot find any cut at node 112
    112   107  5116760.0000    18  5173336.0000  5095953.0000     1001    1.50%        x.84.136 D    112    110      5
Cannot find any cut at node 113
    113   108  5116877.0000    30  5173336.0000  5095953.0000     1013    1.50%        x.84.136 U    113    110      5
Cannot find any cut at node 114
    114   109  5117858.5000    14  5173336.0000  5095953.0000     1017    1.50%          x.7.63 D    114    112      6
Cannot find any cut at node 115
    115   110  5118002.0000    12  5173336.0000  5095953.0000     1018    1.50%          x.7.63 U    115    112      6
Cannot find any cut at node 116
    116   111  5125365.0000    14  5173336.0000  5095953.0000     1032    1.50%         x.63.76 D    116    114      7
Cannot find any cut at node 117
    117   112  5118118.0000    12  5173336.0000  5095953.0000     1033    1.50%         x.63.76 U    117    114      7
Cannot find any cut at node 118
    118   113  5119769.0000    14  5173336.0000  5095953.0000     1035    1.50%         x.57.95 D    118    117      8
Cannot find any cut at node 119
    119   114  5120678.0000    12  5173336.0000  5095953.0000     1036    1.50%         x.57.95 U    119    117      8
Cannot find any cut at node 120
    120   115  5123651.0000    14  5173336.0000  5095953.0000     1038    1.50%        x.95.191 D    120    118      9
Elapsed time = 217.83 sec. (5823.54 ticks, tree = 1.29 MB, solutions = 5)
Cannot find any cut at node 121
    121   116  5123980.0000    12  5173336.0000  5095953.0000     1039    1.50%        x.95.191 U    121    118      9
Cut score: 2243.0000, branch score: 4384.8333
    122   117  5131744.0000    12  5173336.0000  5095953.0000     1041    1.50%       x.104.127 D    122    120     10
Cannot find any cut at node 123
    123   118  5126328.0000    12  5173336.0000  5095953.0000     1043    1.50%       x.104.127 U    123    120     10
Cannot find any cut at node 124
    124   119  5132234.5000    14  5173336.0000  5095953.0000     1048    1.50%        x.57.191 D    124    123     11
Cannot find any cut at node 125
    125   120  5141881.5000    12  5173336.0000  5095953.0000     1053    1.50%        x.57.191 U    125    123     11
Cannot find any cut at node 126
    126   121  5133369.5000    18  5173336.0000  5095953.0000     1057    1.50%        x.57.119 D    126    124     12
Cannot find any cut at node 127
    127   122  5151154.0000    16  5173336.0000  5095953.0000     1069    1.50%        x.57.119 U    127    124     12
Cannot find any cut at node 128
    128   123  5133696.5000    20  5173336.0000  5095953.0000     1070    1.50%         x.33.95 D    128    126     13
Cannot find any cut at node 129
    129   124  5151181.0000    12  5173336.0000  5095953.0000     1078    1.50%         x.33.95 U    129    126     13
Cannot find any cut at node 130
    130   125  5136496.0000    20  5173336.0000  5095953.0000     1082    1.50%        x.94.187 D    130    128     14
Elapsed time = 225.48 sec. (5943.12 ticks, tree = 1.43 MB, solutions = 5)
Cannot find any cut at node 131
    131   126  5134878.5000    20  5173336.0000  5095953.0000     1083    1.50%        x.94.187 U    131    128     14
Cannot find any cut at node 132
    132   127  5137129.0000    20  5173336.0000  5095953.0000     1086    1.50%        x.92.154 D    132    131     15
Cannot find any cut at node 133
    133   128  5139285.5000    20  5173336.0000  5095953.0000     1091    1.50%        x.92.154 U    133    131     15
Cannot find any cut at node 134
    134   129  5142998.5000    22  5173336.0000  5095953.0000     1095    1.50%        x.26.187 D    134    132     16
Cannot find any cut at node 135
    135   130  5138358.5000    20  5173336.0000  5095953.0000     1098    1.50%        x.26.187 U    135    132     16
Cannot find any cut at node 136
    136   131  5139399.5000    22  5173336.0000  5095953.0000     1100    1.50%       x.101.154 D    136    135     17
Cannot find any cut at node 137
    137   132  5144878.5000    22  5173336.0000  5095953.0000     1104    1.50%       x.101.154 U    137    135     17
Cannot find any cut at node 138
    138   133  5141126.0000    20  5173336.0000  5095953.0000     1107    1.50%       x.101.122 D    138    136     18
Cannot find any cut at node 139
    139   134  5140766.5000    20  5173336.0000  5095953.0000     1110    1.50%       x.101.122 U    139    136     18
Cannot find any cut at node 140
    140   135  5142511.5000    14  5173336.0000  5095953.0000     1114    1.50%       x.154.196 D    140    139     19
Elapsed time = 228.67 sec. (6034.68 ticks, tree = 1.56 MB, solutions = 5)
Cannot find any cut at node 141
    141   136  5146960.5000    22  5173336.0000  5095953.0000     1119    1.50%       x.154.196 U    141    139     19
Cannot find any cut at node 142
    142   137  5143497.0000    14  5173336.0000  5095953.0000     1123    1.50%         x.12.65 D    142    140     20
Cannot find any cut at node 143
    143   138  5145800.5000    14  5173336.0000  5095953.0000     1124    1.50%         x.12.65 U    143    140     20
Cannot find any cut at node 144
    144   139  5144187.5000    10  5173336.0000  5095953.0000     1127    1.50%        x.20.177 D    144    142     21
Cut score: 261.5000, branch score: 1666.5000
    145   140  5146515.0000     8  5173336.0000  5095953.0000     1133    1.50%        x.20.177 U    145    142     21
Cannot find any cut at node 146
    146   141  5144285.0000     6  5173336.0000  5095953.0000     1134    1.50%        x.57.104 D    146    144     22
Cannot find any cut at node 147
    147   142  5146430.5000     6  5173336.0000  5095953.0000     1137    1.50%        x.57.104 U    147    144     22
Cannot find any cut at node 148
    148   143  5144581.5000     6  5173336.0000  5095953.0000     1138    1.50%       x.119.186 D    148    146     23
Cut score: 748.0000, branch score: 832.0833
    149   144  5157452.5000    16  5173336.0000  5095953.0000     1150    1.50%       x.119.186 U    149    146     23
Cannot find any cut at node 150
    150   145  5145079.0000     6  5173336.0000  5095953.0000     1153    1.50%         x.31.65 D    150    148     24
Elapsed time = 240.92 sec. (6190.48 ticks, tree = 1.70 MB, solutions = 5)
Cannot find any cut at node 151
    151   146  5146470.0000     6  5173336.0000  5095953.0000     1157    1.50%         x.31.65 U    151    148     24
Cannot find any cut at node 152
    152   147  5147764.5000     8  5173336.0000  5095953.0000     1164    1.50%         x.16.73 D    152    150     25
Cannot find any cut at node 153
    153   148  5148678.0000     8  5173336.0000  5095953.0000     1172    1.50%         x.16.73 U    153    150     25
Cannot find any cut at node 154
    154   149  5151664.5000     6  5173336.0000  5095953.0000     1184    1.50%       x.183.185 D    154    152     26
Cannot find any cut at node 155
    155   150  5149511.0000     6  5173336.0000  5095953.0000     1187    1.50%       x.183.185 U    155    152     26
    156   151  5157542.0000     8  5173336.0000  5095953.0000     1200    1.50%       x.175.185 D    156    155     27
                                                      User: 2                  
Cannot find any cut at node 157
    157   152  5152150.5000    16  5173336.0000  5095953.0000     1213    1.50%       x.175.185 U    157    155     27
Cut score: 995.5000, branch score: 1107.3333
    158   153  5152473.0000    20  5173336.0000  5095953.0000     1214    1.50%        x.49.148 D    158    157     28
Cannot find any cut at node 159
    159   154  5155573.5000    14  5173336.0000  5095953.0000     1223    1.50%        x.49.148 U    159    157     28
    160   155  5154058.5000    33  5173336.0000  5095953.0000     1229    1.50%        x.73.183 D    160    158     29
                                                      User: 2                  
Elapsed time = 248.23 sec. (6487.55 ticks, tree = 1.83 MB, solutions = 5)
Cannot find any cut at node 161
    161   156  5153624.0000    14  5173336.0000  5095953.0000     1234    1.50%        x.73.183 U    161    158     29
Cut score: 929.5000, branch score: 744.5000
At node 162, add 2 user cuts
Cannot find any cut at node 162
    162   157  5157299.5000    14  5173336.0000  5095953.0000     1253    1.50%        x.72.177 N    162    161     30
                                                      User: 2                  
Cannot find any cut at node 163
    163   158  5157361.5000    14  5173336.0000  5095953.0000     1263    1.50%        x.72.177 U    163    161     30
Cut score: 50.5000, branch score: 388.5833
    164   159  5157768.0000    22  5173336.0000  5095953.0000     1264    1.50%       x.111.159 D    164    162     31
Cut score: 88.0000, branch score: 1316.4167
    165   160  5169276.5000     8  5173336.0000  5095953.0000     1272    1.50%       x.111.159 U    165    162     31
Cannot find any cut at node 166
    166   161  5157818.5000    16  5173336.0000  5095953.0000     1273    1.50%         x.13.28 D    166    164     32
Cannot find any cut at node 167
    167   162  5159847.0000    18  5173336.0000  5095953.0000     1280    1.50%         x.13.28 U    167    164     32
Cannot find any cut at node 168
    168   163  5158248.5000    16  5173336.0000  5095953.0000     1282    1.50%         x.49.72 D    168    166     33
Cut score: 85.0000, branch score: 4982.1667
    169   164  5165835.5000     8  5173336.0000  5095953.0000     1294    1.50%         x.49.72 U    169    166     33
Cannot find any cut at node 170
    170   165  5159428.5000    16  5173336.0000  5095953.0000     1298    1.50%       x.111.130 D    170    168     34
Elapsed time = 269.77 sec. (6793.63 ticks, tree = 1.97 MB, solutions = 5)
Cut score: 88.0000, branch score: 1316.4167
    171   166  5171174.5000     8  5173336.0000  5095953.0000     1307    1.50%       x.111.130 U    171    168     34
Cannot find any cut at node 172
    172   167  5167503.0000    14  5173336.0000  5095953.0000     1319    1.50%       x.107.148 D    172    170     35
Cut score: 1310.3333, branch score: 1211.3750
At node 173, add 4 user cuts
Cannot find any cut at node 173
    173   168  5161696.5000    14  5173336.0000  5095953.0000     1329    1.50%       x.107.148 N    173    170     35
                                                      User: 4                  
Cannot find any cut at node 174
    174   169  5162439.5000    14  5173336.0000  5095953.0000     1330    1.50%         x.9.160 D    174    173     36
Cut score: 1116.2500, branch score: 794.9167
At node 175, add 7 user cuts
Cut score: 1247.5000, branch score: 1815.4167
    175   170  5168875.5000    14  5173336.0000  5095953.0000     1341    1.50%         x.9.160 N    175    173     36
                                                      User: 7                  
Cannot find any cut at node 176
    176   171  5163687.0000    16  5173336.0000  5095953.0000     1345    1.50%       x.105.111 D    176    174     37
Cannot find any cut at node 177
    177   172  5164233.0000    16  5173336.0000  5095953.0000     1350    1.50%         x.49.97 D    177    176     38
Cannot find any cut at node 178
    178   173  5167527.5000     8  5173336.0000  5095953.0000     1356    1.50%         x.49.97 U    178    176     38
    179   172        cutoff        5173336.0000  5095953.0000     1373    1.50%       x.105.168 D    179    177     39
Cut score: 1679.2500, branch score: 1802.9583
    180   173  5164983.7500    42  5173336.0000  5095953.0000     1380    1.50%       x.105.168 U    180    177     39
Elapsed time = 293.51 sec. (7055.59 ticks, tree = 2.09 MB, solutions = 5)
Cut score: 1858.1667, branch score: 2088.2778
    181   174  5165162.6667    40  5173336.0000  5095953.0000     1382    1.50%        x.25.179 D    181    180     40
Cut score: 563.7500, branch score: 1509.6667
    182   175  5168460.0000    26  5173336.0000  5095953.0000     1388    1.50%        x.25.179 U    182    180     40
Cut score: 1109.5000, branch score: 1504.8889
    183   176  5169536.0000    38  5173336.0000  5095953.0000     1394    1.50%        x.83.172 D    183    181     41
Cut score: 2077.5000, branch score: 2143.0833
    184   177  5165382.0000    14  5173336.0000  5095953.0000     1395    1.50%        x.83.172 U    184    181     41
Cannot find any cut at node 185
    185   178  5165531.0000    20  5173336.0000  5095953.0000     1396    1.50%         x.11.45 D    185    184     42
Cut score: 196.7500, branch score: 1168.7500
    186   179  5167853.0000    14  5173336.0000  5095953.0000     1400    1.50%         x.11.45 U    186    184     42
Cut score: 2624.6429, branch score: 1496.4881
At node 187, add 6 user cuts
Cannot find any cut at node 187
    187   180  5166173.0000    33  5173336.0000  5095953.0000     1408    1.50%        x.49.107 N    187    185     43
                                                      User: 6                  
    188   179        cutoff        5173336.0000  5095953.0000     1414    1.50%        x.71.126 D    188    187     44
Cannot find any cut at node 189
    189   180  5166774.0000    14  5173336.0000  5095953.0000     1415    1.50%        x.71.126 U    189    187     44
Cannot find any cut at node 190
    190   181  5167083.0000    28  5173336.0000  5095953.0000     1417    1.50%         x.45.86 D    190    189     45
Elapsed time = 323.96 sec. (7362.34 ticks, tree = 2.18 MB, solutions = 5)
Cut score: 1903.5000, branch score: 2239.6667
    191   182  5168722.0000    14  5173336.0000  5095953.0000     1421    1.50%         x.45.86 U    191    189     45
Cut score: 4080.5000, branch score: 3206.7500
At node 192, add 1 user cuts
Cannot find any cut at node 192
    192   183  5167417.0000    26  5173336.0000  5095953.0000     1425    1.50%        x.19.135 N    192    190     46
                                                      User: 1                  
Cannot find any cut at node 193
    193   184  5168252.5000    28  5173336.0000  5095953.0000     1429    1.50%        x.19.135 U    193    190     46
Cannot find any cut at node 194
    194   185  5169995.0000    26  5173336.0000  5095953.0000     1432    1.50%       x.130.168 D    194    193     47
Cut score: 2087.7500, branch score: 4917.4167
    195   186  5171580.0000    10  5173336.0000  5095953.0000     1433    1.50%        x.95.119 D    195    194     48
    196   185        cutoff        5173336.0000  5095953.0000     1434    1.50%        x.95.119 U    196    194     48
    197   184        cutoff        5173336.0000  5095953.0000     1436    1.50%        x.57.188 D    197    195     49
    198   183        cutoff        5173336.0000  5095953.0000     1437    1.50%        x.57.188 U    198    195     49
Cannot find any cut at node 199
    199   184  5101474.0000    20  5173336.0000  5101474.0000     1445    1.39%        x.63.194 U    199      1      2
Cannot find any cut at node 200
    200   185  5104064.5000    12  5173336.0000  5101474.0000     1448    1.39%        x.84.136 D    200    199      3
Elapsed time = 339.60 sec. (7617.38 ticks, tree = 2.26 MB, solutions = 5)
Cannot find any cut at node 201
    201   186  5105715.5000    14  5173336.0000  5101474.0000     1450    1.39%         x.57.95 D    201    200      4
Cannot find any cut at node 202
    202   187  5109597.5000    14  5173336.0000  5101474.0000     1452    1.39%        x.95.191 D    202    201      5
Cut score: 2243.0000, branch score: 4384.8333
    203   188  5117690.5000    12  5173336.0000  5101474.0000     1454    1.39%       x.104.127 D    203    202      6
Cut score: 2908.0000, branch score: 1362.3333
At node 204, add 1 user cuts
Cannot find any cut at node 204
    204   189  5128882.5000    14  5173336.0000  5101474.0000     1476    1.39%        x.57.186 N    204    203      7
                                                      User: 1                  
Cannot find any cut at node 205
    205   190  5131248.5000     6  5173336.0000  5101474.0000     1478    1.39%       x.104.186 D    205    204      8
Cannot find any cut at node 206
    206   191  5132023.0000     6  5173336.0000  5101474.0000     1480    1.39%         x.15.62 D    206    205      9
Cannot find any cut at node 207
    207   192  5134822.5000     6  5173336.0000  5101474.0000     1482    1.39%        x.94.187 D    207    206     10
Cannot find any cut at node 208
    208   193  5135195.0000     8  5173336.0000  5101474.0000     1483    1.39%        x.94.122 D    208    207     11
Cannot find any cut at node 209
    209   194  5135248.0000     6  5173336.0000  5101474.0000     1484    1.39%         x.26.94 D    209    208     12
Cannot find any cut at node 210
    210   195  5139105.0000     6  5173336.0000  5101474.0000     1491    1.39%       x.101.122 D    210    209     13
Elapsed time = 350.98 sec. (7762.89 ticks, tree = 2.39 MB, solutions = 5)
Cannot find any cut at node 211
    211   196  5139642.0000     8  5173336.0000  5101474.0000     1492    1.39%       x.122.187 D    211    210     14
Cannot find any cut at node 212
    212   197  5141936.5000     8  5173336.0000  5101474.0000     1496    1.39%       x.101.187 D    212    211     15
    213   198  5142327.5000     6  5173336.0000  5101474.0000     1498    1.39%        x.26.122 D    213    212     16
                                                      User: 3                  
Cut score: 90.0000, branch score: 383.9167
    214   199  5142643.0000     6  5173336.0000  5101474.0000     1499    1.39%       x.142.181 D    214    213     17
Cut score: 188.0000, branch score: 656.8333
    215   200  5144496.5000     6  5173336.0000  5101474.0000     1507    1.39%        x.63.116 D    215    214     18
Cannot find any cut at node 216
    216   201  5145745.0000     6  5173336.0000  5101474.0000     1510    1.39%       x.181.194 D    216    215     19
*   217   108      integral     0  5146635.0000  5101474.0000     1512    0.88%
Found incumbent of value 5146635.000000 after 360.74 sec. (7936.62 ticks)
    217   108  5146635.0000     0  5146635.0000  5101474.0000     1512    0.88%         x.6.171 D    217    216     20

User cuts applied:  615

Root node processing (before b&c):
  Real time             =    4.84 sec. (854.30 ticks)
Sequential b&c:
  Real time             =  355.91 sec. (7098.74 ticks)
                          ------------
Total (root+branch&cut) =  360.75 sec. (7953.04 ticks)
