Version identifier: 12.10.0.0 | 2019-11-26 | 843d4de
CPXPARAM_Preprocessing_Presolve                  0
CPXPARAM_Read_DataCheck                          1
CPXPARAM_Threads                                 1
CPXPARAM_MIP_Display                             4
CPXPARAM_MIP_Strategy_Search                     1
CPXPARAM_MIP_Interval                            1
CPXPARAM_TimeLimit                               3600
CPXPARAM_MIP_Limits_CutsFactor                   0
Lazy constraint(s) or lazy constraint/branch callback is present.
    Disabling dual reductions (CPX_PARAM_REDUCE) in presolve.
    Disabling non-linear reductions (CPX_PARAM_PRELINEAR) in presolve.
    Disabling presolve reductions that prevent crushing forms.
Dual steepest-edge pricing selected.
MIP emphasis: balance optimality and feasibility.
MIP search method: traditional branch-and-cut.
Parallel mode: none, using 1 thread.
Initializing dual steep norms . . .

Iteration log . . .
Iteration:     1   Dual objective     =         66569.000000
Iteration:   177   Dual objective     =       3963072.000000
Iteration:   318   Dual objective     =       4542871.500000
Root relaxation solution time = 0.01 sec. (8.09 ticks)

        Nodes                                         Cuts/
   Node  Left     Objective  IInf  Best Integer    Best Bound    ItCnt     Gap         Variable B NodeID Parent  Depth

      0     0  4543553.0000    30                4543553.0000      320         
      0     0  4619959.5000    30                    User: 95      365         
      0     0  4637874.0000    30                    User: 65      393         
      0     0  5459595.2500    30                     User: 3      431         
      0     0  5465429.5000    30                    User: 29      440         
      0     0  5466872.7500    30                     User: 6      445         
      0     0  5466969.0000    30                     User: 1      446         
*     0+    0                      5620102.0000  5466969.0000             2.72%
Found incumbent of value 5620102.000000 after 5.71 sec. (658.46 ticks)
*     0+    0                      5572426.0000  5466969.0000             1.89%
Found incumbent of value 5572426.000000 after 5.98 sec. (924.13 ticks)
      0     0  -1.00000e+75     0  5572426.0000  5466969.0000      446    1.89%
      0     2  5466969.0000    60  5572426.0000  5466969.0000      446    1.89%                        0             0
Elapsed time = 6.15 sec. (1172.44 ticks, tree = 0.01 MB, solutions = 2)
Cut score: 1273.0000, branch score: 1402.2500
      1     3  5472311.0000    66  5572426.0000  5466969.0000      455    1.89%        x.33.123 D      1      0      1
Cannot find any cut at node 2
      2     4  5472248.5000    60  5572426.0000  5472248.5000      462    1.80%        x.33.123 U      2      0      1
Cut score: 3214.2500, branch score: 3892.2500
      3     5  5474055.0000    54  5572426.0000  5472248.5000      465    1.80%         x.33.72 D      3      2      2
Cut score: 2058.0000, branch score: 3892.2500
      4     6  5475586.0000    66  5572426.0000  5472311.0000      469    1.80%         x.33.72 U      4      2      2
Cut score: 3214.2500, branch score: 1770.8333
At node 5, add 3 user cuts
Cut score: 2402.2500, branch score: 1770.8333
At node 5, add 35 user cuts
Cut score: 424.0000, branch score: 4528.7500
      5     7  5481533.7500    62  5572426.0000  5472311.0000      494    1.80%         x.8.196 N      5      3      3
                                                     User: 38                  
Cut score: 2204.5000, branch score: 4528.7500
      6     8  5493713.7500    54  5572426.0000  5472311.0000      509    1.80%         x.8.196 U      6      3      3
Cut score: 2673.0000, branch score: 4528.7500
      7     9  5486499.0000    68  5572426.0000  5472311.0000      513    1.80%       x.113.196 D      7      5      4
Cut score: 3239.0000, branch score: 937.1250
At node 8, add 3 user cuts
Cannot find any cut at node 8
      8    10  5500719.5000    64  5572426.0000  5472311.0000      524    1.80%       x.113.196 N      8      5      4
                                                      User: 3                  
Cannot find any cut at node 9
      9    11  5493128.5000    64  5572426.0000  5472311.0000      529    1.80%       x.150.180 D      9      7      5
Cannot find any cut at node 10
     10    12  5496562.0000    62  5572426.0000  5472311.0000      541    1.80%       x.150.180 U     10      7      5
Elapsed time = 26.97 sec. (1594.52 ticks, tree = 0.11 MB, solutions = 2)
Cut score: 1005.6667, branch score: 7374.5833
     11    13  5495768.7500    66  5572426.0000  5472311.0000      548    1.80%        x.25.180 D     11      9      6
Cut score: 484.0000, branch score: 7374.5833
     12    14  5502744.0000    54  5572426.0000  5472311.0000      554    1.80%        x.25.180 U     12      9      6
Cut score: 1010.4167, branch score: 1561.2917
     13    15  5502790.7500    66  5572426.0000  5472311.0000      564    1.80%        x.37.177 D     13     11      7
Cut score: 1560.6667, branch score: 2000.4583
     14    16  5504906.2500    60  5572426.0000  5472311.0000      568    1.80%        x.37.177 U     14     11      7
Cut score: 2268.7500, branch score: 1422.1667
At node 15, add 10 user cuts
Cut score: 770.7500, branch score: 3337.9583
     15    17  5506109.0000    83  5572426.0000  5472311.0000      585    1.80%       x.102.196 N     15     13      8
                                                     User: 10                  
Cut score: 3601.4167, branch score: 1568.2917
At node 16, add 9 user cuts
Cut score: 42.5000, branch score: 1080.3472
     16    18  5512504.1667    56  5572426.0000  5472311.0000      620    1.80%       x.102.196 N     16     13      8
                                                      User: 9                  
Cut score: 661.2500, branch score: 1145.7292
     17    19  5509544.5000    71  5572426.0000  5472311.0000      628    1.80%         x.5.196 D     17     15      9
Cut score: 996.5875, branch score: 366.1250
At node 18, add 22 user cuts
Cut score: 2.1833, branch score: 563.1069
     18    20  5530894.1500    87  5572426.0000  5472311.0000      659    1.80%         x.5.196 N     18     15      9
                                                     User: 22                  
Cut score: 2934.0625, branch score: 1344.5625
At node 19, add 1 user cuts
Cannot find any cut at node 19
     19    21  5514047.9375    78  5572426.0000  5472311.0000      669    1.80%        x.18.196 N     19     17     10
                                                      User: 1                  
Cannot find any cut at node 20
     20    22  5510605.5000    38  5572426.0000  5472311.0000      675    1.80%        x.18.196 U     20     17     10
Elapsed time = 55.03 sec. (1887.95 ticks, tree = 0.22 MB, solutions = 2)
Cannot find any cut at node 21
     21    23  5512744.5000    42  5572426.0000  5472311.0000      679    1.80%       x.139.182 D     21     20     11
Cannot find any cut at node 22
     22    24  5517018.0000    38  5572426.0000  5472311.0000      689    1.80%       x.139.182 U     22     20     11
Cut score: 887.0000, branch score: 2427.8333
     23    25  5516975.0000    34  5572426.0000  5472311.0000      703    1.80%        x.48.139 D     23     21     12
Cannot find any cut at node 24
     24    26  5515280.5000    38  5572426.0000  5472311.0000      706    1.80%        x.48.139 U     24     21     12
Cannot find any cut at node 25
     25    27  5516178.5000    40  5572426.0000  5472311.0000      707    1.80%        x.48.182 D     25     24     13
Cannot find any cut at node 26
     26    28  5524810.0000    38  5572426.0000  5472311.0000      722    1.80%        x.48.182 U     26     24     13
Cut score: 632.5000, branch score: 2377.8333
     27    29  5517615.5000    40  5572426.0000  5472311.0000      730    1.80%        x.99.184 D     27     25     14
Cut score: 1904.5000, branch score: 2377.8333
     28    30  5525694.0000    40  5572426.0000  5472311.0000      739    1.80%        x.99.184 U     28     25     14
Cut score: 632.5000, branch score: 488.9167
At node 29, add 24 user cuts
Cannot find any cut at node 29
     29    31  5521192.5000    44  5572426.0000  5472311.0000      744    1.80%        x.72.178 N     29     27     15
                                                     User: 24                  
Cannot find any cut at node 30
     30    32  5520512.5000    40  5572426.0000  5472311.0000      751    1.80%        x.72.178 U     30     27     15
Elapsed time = 66.40 sec. (2127.73 ticks, tree = 0.33 MB, solutions = 2)
Cut score: 337.6667, branch score: 322.3889
At node 31, add 3 user cuts
Cannot find any cut at node 31
     31    33  5526610.0000    40  5572426.0000  5472311.0000      770    1.80%         x.22.33 N     31     30     16
                                                      User: 3                  
Cut score: 2313.5000, branch score: 2592.8333
     32    34  5537971.0000    44  5572426.0000  5472311.0000      789    1.80%         x.22.33 U     32     30     16
Cannot find any cut at node 33
     33    35  5526865.0000    58  5572426.0000  5472311.0000      794    1.80%        x.99.192 D     33     31     17
Cut score: 1310.0000, branch score: 538.3333
At node 34, add 3 user cuts
Cannot find any cut at node 34
     34    36  5532108.0000    40  5572426.0000  5472311.0000      808    1.80%        x.99.192 N     34     31     17
                                                      User: 3                  
Cannot find any cut at node 35
     35    37  5527364.0000    38  5572426.0000  5472311.0000      814    1.80%        x.37.156 D     35     33     18
Cut score: 483.0000, branch score: 1728.9167
     36    38  5527461.5000    57  5572426.0000  5472311.0000      818    1.80%        x.37.156 U     36     33     18
Cannot find any cut at node 37
     37    39  5529907.5000    34  5572426.0000  5472311.0000      825    1.80%        x.19.110 D     37     35     19
Cannot find any cut at node 38
     38    40  5531353.7500    41  5572426.0000  5472311.0000      842    1.80%        x.19.110 U     38     35     19
Cannot find any cut at node 39
     39    41  5530326.0000    20  5572426.0000  5472311.0000      844    1.80%         x.7.130 D     39     37     20
Cannot find any cut at node 40
     40    42  5531431.5000    14  5572426.0000  5472311.0000      851    1.80%         x.7.130 U     40     37     20
Elapsed time = 79.42 sec. (2314.73 ticks, tree = 0.44 MB, solutions = 2)
Cannot find any cut at node 41
     41    43  5531678.0000    14  5572426.0000  5472311.0000      852    1.80%         x.7.187 D     41     39     21
Cut score: 413.5000, branch score: 990.4167
     42    44  5534131.5000    20  5572426.0000  5472311.0000      862    1.80%         x.7.187 U     42     39     21
Cannot find any cut at node 43
     43    45  5536032.5000    26  5572426.0000  5472311.0000      875    1.80%       x.126.187 D     43     41     22
Cannot find any cut at node 44
     44    46  5532030.0000    14  5572426.0000  5472311.0000      877    1.80%       x.126.187 U     44     41     22
Cut score: 1134.5000, branch score: 533.0833
At node 45, add 1 user cuts
Cannot find any cut at node 45
     45    47  5537039.5000    18  5572426.0000  5472311.0000      895    1.80%        x.51.126 N     45     44     23
                                                      User: 1                  
Cannot find any cut at node 46
     46    48  5533312.5000    16  5572426.0000  5472311.0000      904    1.80%        x.51.126 U     46     44     23
Cannot find any cut at node 47
     47    49  5533769.0000    14  5572426.0000  5472311.0000      905    1.80%       x.175.189 D     47     46     24
Cut score: 2078.5000, branch score: 1584.9167
At node 48, add 17 user cuts
Cannot find any cut at node 48
     48    50  5540295.0000    14  5572426.0000  5472311.0000      924    1.80%       x.175.189 N     48     46     24
                                                     User: 17                  
Cannot find any cut at node 49
     49    51  5543732.2500    25  5572426.0000  5472311.0000      949    1.80%       x.106.189 N     49     47     25
Cannot find any cut at node 50
     50    52  5541275.5000    14  5572426.0000  5472311.0000      963    1.80%       x.106.189 U     50     47     25
Elapsed time = 88.73 sec. (2520.22 ticks, tree = 0.56 MB, solutions = 2)
Cannot find any cut at node 51
     51    53  5541783.0000    14  5572426.0000  5472311.0000      967    1.80%       x.139.188 D     51     50     26
Cannot find any cut at node 52
     52    54  5546775.0000     6  5572426.0000  5472311.0000      971    1.80%       x.139.188 U     52     50     26
Cannot find any cut at node 53
     53    55  5541893.0000    16  5572426.0000  5472311.0000      973    1.80%        x.27.182 D     53     51     27
Cannot find any cut at node 54
     54    56  5542443.5000    14  5572426.0000  5472311.0000      975    1.80%        x.27.182 U     54     51     27
Cut score: 227.2500, branch score: 591.7917
     55    57  5542938.5000    38  5572426.0000  5472311.0000      983    1.80%       x.182.189 D     55     53     28
Cannot find any cut at node 56
     56    58  5542444.0000    14  5572426.0000  5472311.0000      985    1.80%       x.182.189 U     56     53     28
Cut score: 135.0000, branch score: 2155.7500
     57    59  5549112.0000     6  5572426.0000  5472311.0000      989    1.80%       x.106.175 D     57     56     29
Cannot find any cut at node 58
     58    60  5549958.5000    16  5572426.0000  5472311.0000     1010    1.80%       x.106.175 U     58     56     29
     59    61  5553877.0000    10  5572426.0000  5472311.0000     1021    1.80%        x.44.142 D     59     57     30
                                                      User: 3                  
Cut score: 113.5000, branch score: 3219.8333
     60    62  5550807.0000    10  5572426.0000  5472311.0000     1027    1.80%        x.44.142 U     60     57     30
Elapsed time = 98.26 sec. (2744.78 ticks, tree = 0.67 MB, solutions = 2)
Cut score: 113.5000, branch score: 3744.3889
     61    63  5553448.5000    10  5572426.0000  5472311.0000     1030    1.80%         x.28.34 D     61     60     31
Cut score: 63.0000, branch score: 725.2500
     62    64  5557224.0000    10  5572426.0000  5472311.0000     1046    1.80%         x.28.34 U     62     60     31
Cut score: 32.3333, branch score: 1730.5278
     63    65  5556337.0000    12  5572426.0000  5472311.0000     1058    1.80%         x.34.73 D     63     61     32
Cut score: 63.0000, branch score: 725.2500
     64    66  5562507.0000    10  5572426.0000  5472311.0000     1075    1.80%         x.34.73 U     64     61     32
Cut score: 437.8333, branch score: 921.6667
     65    67  5556742.5000    14  5572426.0000  5472311.0000     1079    1.80%         x.28.58 D     65     63     33
Cut score: 113.5000, branch score: 792.9444
     66    68  5560987.0000    14  5572426.0000  5472311.0000     1095    1.80%         x.28.58 U     66     63     33
Cut score: 592.6429, branch score: 2790.5238
     67    69  5558822.5000    55  5572426.0000  5472311.0000     1104    1.80%          x.5.36 D     67     65     34
Cut score: 2166.0000, branch score: 4427.8333
     68    70  5559650.0000    12  5572426.0000  5472311.0000     1107    1.80%        x.34.104 D     68     67     35
     69    69        cutoff        5572426.0000  5472311.0000     1125    1.80%        x.34.104 U     69     67     35
Cut score: 113.5000, branch score: 1386.0417
     70    70  5561299.0000    10  5572426.0000  5472311.0000     1128    1.80%        x.28.142 D     70     68     36
Elapsed time = 126.42 sec. (2945.99 ticks, tree = 0.75 MB, solutions = 2)
Cut score: 2169.1667, branch score: 1579.3056
At node 71, add 1 user cuts
Cannot find any cut at node 71
     71    71  5559766.6667    32  5572426.0000  5472311.0000     1130    1.80%        x.28.142 N     71     68     36
                                                      User: 1                  
Cut score: 2334.3333, branch score: 845.3651
At node 72, add 1 user cuts
Cannot find any cut at node 72
     72    72  5559838.5000     8  5572426.0000  5472311.0000     1132    1.80%        x.92.150 N     72     71     37
                                                      User: 1                  
Cut score: 8477.3333, branch score: 721.2500
At node 73, add 136 user cuts
     73    71        cutoff        5572426.0000  5472311.0000     1147    1.80%        x.92.150 N     73     71     37
                                                    User: 136                  
Cut score: 4662.0000, branch score: 5400.6667
     74    72  5563080.0000     6  5572426.0000  5472311.0000     1149    1.80%         x.20.31 D     74     72     38
Cut score: 12145.5000, branch score: 1518.8333
At node 75, add 1 user cuts
     75    71    infeasible        5572426.0000  5472311.0000     1151    1.80%        x.95.122 N     75     74     39
                                                      User: 1                  
Cannot find any cut at node 76
     76    72  5564772.5000     6  5572426.0000  5472311.0000     1153    1.80%        x.95.122 U     76     74     39
Cannot find any cut at node 77
     77    73  5567436.5000    10  5572426.0000  5472311.0000     1156    1.80%         x.20.44 D     77     76     40
     78    72        cutoff        5572426.0000  5472311.0000     1162    1.80%         x.20.44 U     78     76     40
     79    71        cutoff        5572426.0000  5472311.0000     1166    1.80%         x.34.44 D     79     77     41
Cut score: 2844.5000, branch score: 3722.5833
     80    72  5568556.0000    16  5572426.0000  5472311.0000     1168    1.80%         x.34.44 U     80     77     41
Elapsed time = 156.27 sec. (3263.83 ticks, tree = 0.79 MB, solutions = 2)
Cannot find any cut at node 81
     81    73  5568993.0000    14  5572426.0000  5472311.0000     1170    1.80%          x.5.20 D     81     80     42
     82    72        cutoff        5572426.0000  5472311.0000     1173    1.80%          x.5.20 U     82     80     42
Cut score: 4531.0000, branch score: 2238.5000
At node 83, add 1 user cuts
Cannot find any cut at node 83
     83    73  5571024.0000    17  5572426.0000  5472311.0000     1180    1.80%         x.12.52 N     83     81     43
                                                      User: 1                  
     84    72        cutoff        5572426.0000  5472311.0000     1181    1.80%          x.1.55 D     84     83     44
     85    71        cutoff        5572426.0000  5472311.0000     1182    1.80%          x.1.55 U     85     83     44
Cannot find any cut at node 86
     86    72  5473584.0000    60  5572426.0000  5472311.0000     1184    1.80%         x.33.72 U     86      1      2
Cannot find any cut at node 87
     87    73  5485963.5000    66  5572426.0000  5472311.0000     1208    1.80%        x.22.178 D     87     86      3
Cannot find any cut at node 88
     88    74  5475741.0000    60  5572426.0000  5472311.0000     1217    1.80%        x.22.178 U     88     86      3
Cannot find any cut at node 89
     89    75  5478324.7500    64  5572426.0000  5472311.0000     1223    1.80%         x.8.196 D     89     88      4
Cut score: 2080.0000, branch score: 2642.4167
     90    76  5490504.7500    56  5572426.0000  5472311.0000     1232    1.80%         x.8.196 U     90     88      4
Elapsed time = 166.28 sec. (3481.23 ticks, tree = 0.84 MB, solutions = 2)
Cannot find any cut at node 91
     91    77  5482866.0000    60  5572426.0000  5472311.0000     1239    1.80%       x.113.196 D     91     89      5
Cannot find any cut at node 92
     92    78  5494413.5000    62  5572426.0000  5472311.0000     1245    1.80%       x.113.196 U     92     89      5
Cut score: 590.8125, branch score: 2398.6875
     93    79  5486231.6875    82  5572426.0000  5472311.0000     1254    1.80%       x.150.180 D     93     91      6
Cut score: 188.0000, branch score: 7467.5000
     94    80  5486228.0000    54  5572426.0000  5472311.0000     1258    1.80%       x.150.180 U     94     91      6
Cut score: 188.0000, branch score: 1760.4167
     95    81  5493361.5000    54  5572426.0000  5472311.0000     1270    1.80%        x.37.177 D     95     94      7
Cut score: 555.0000, branch score: 2218.1667
     96    82  5495365.5000    48  5572426.0000  5472311.0000     1274    1.80%        x.37.177 U     96     94      7
Cut score: 188.0000, branch score: 8925.5139
     97    83  5494672.2500    52  5572426.0000  5472311.0000     1277    1.80%       x.102.196 D     97     95      8
Cut score: 188.0000, branch score: 1340.9167
     98    84  5497370.2500    32  5572426.0000  5472311.0000     1284    1.80%       x.102.196 U     98     95      8
Cut score: 188.0000, branch score: 2005.8750
     99    85  5500632.6667    60  5572426.0000  5472311.0000     1305    1.80%         x.5.196 D     99     97      9
Cut score: 188.0000, branch score: 3893.0000
    100    86  5518423.2500    52  5572426.0000  5472311.0000     1314    1.80%         x.5.196 U    100     97      9
Elapsed time = 196.99 sec. (3622.35 ticks, tree = 0.97 MB, solutions = 2)
Cut score: 188.0000, branch score: 910.1458
    101    87  5502377.2500    52  5572426.0000  5472311.0000     1322    1.80%        x.18.196 D    101     99     10
Cut score: 188.0000, branch score: 2851.2500
    102    88  5503945.0000    36  5572426.0000  5472311.0000     1328    1.80%        x.18.196 U    102     99     10
Cut score: 188.0000, branch score: 2851.2500
    103    89  5504145.6250    61  5572426.0000  5472311.0000     1335    1.80%         x.2.196 D    103    101     11
Cut score: 188.0000, branch score: 2851.2500
    104    90  5503115.7500    44  5572426.0000  5472311.0000     1337    1.80%         x.2.196 U    104    101     11
Cut score: 188.0000, branch score: 2966.2500
    105    91  5505254.7500    48  5572426.0000  5472311.0000     1341    1.80%       x.139.182 D    105    104     12
Cut score: 188.0000, branch score: 1382.7500
    106    92  5509528.2500    44  5572426.0000  5472311.0000     1349    1.80%       x.139.182 U    106    104     12
Cut score: 188.0000, branch score: 2779.3333
    107    93  5510372.2500    44  5572426.0000  5472311.0000     1361    1.80%        x.48.139 D    107    105     13
Cut score: 188.0000, branch score: 2336.5833
    108    94  5507790.7500    44  5572426.0000  5472311.0000     1364    1.80%        x.48.139 U    108    105     13
Cut score: 188.0000, branch score: 3310.5000
    109    95  5508688.7500    46  5572426.0000  5472311.0000     1365    1.80%        x.48.182 D    109    108     14
Cut score: 188.0000, branch score: 3310.5000
    110    96  5517320.2500    44  5572426.0000  5472311.0000     1379    1.80%        x.48.182 U    110    108     14
Elapsed time = 233.56 sec. (3713.70 ticks, tree = 1.10 MB, solutions = 2)
Cut score: 188.0000, branch score: 1128.8333
    111    97  5510758.2500    48  5572426.0000  5472311.0000     1391    1.80%        x.99.184 D    111    109     15
Cut score: 1904.5000, branch score: 602.7500
At node 112, add 2 user cuts
Cut score: 188.0000, branch score: 2111.7500
    112    98  5520108.7500    46  5572426.0000  5472311.0000     1405    1.80%        x.99.184 N    112    109     15
                                                      User: 2                  
Cut score: 188.0000, branch score: 595.7500
    113    99  5511013.2500    66  5572426.0000  5472311.0000     1409    1.80%        x.99.192 D    113    111     16
Cut score: 188.0000, branch score: 2010.3333
    114   100  5516256.2500    48  5572426.0000  5472311.0000     1420    1.80%        x.99.192 U    114    111     16
Cut score: 188.0000, branch score: 602.7500
    115   101  5511512.2500    46  5572426.0000  5472311.0000     1423    1.80%        x.37.156 D    115    113     17
Cut score: 188.0000, branch score: 1370.0833
    116   102  5512092.7500    60  5572426.0000  5472311.0000     1429    1.80%        x.37.156 U    116    113     17
Cut score: 188.0000, branch score: 1829.8333
    117   103  5511930.7500    32  5572426.0000  5472311.0000     1430    1.80%         x.7.130 N    117    115     18
Cut score: 188.0000, branch score: 3126.2500
    118   104  5513036.2500    26  5572426.0000  5472311.0000     1438    1.80%         x.7.130 U    118    115     18
Cut score: 188.0000, branch score: 1308.5833
    119   105  5513282.7500    26  5572426.0000  5472311.0000     1439    1.80%         x.7.187 D    119    117     19
Cut score: 188.0000, branch score: 1308.5833
    120   106  5516337.7500    26  5572426.0000  5472311.0000     1447    1.80%         x.7.187 U    120    117     19
                                                      User: 2                  
Elapsed time = 263.66 sec. (3902.56 ticks, tree = 1.22 MB, solutions = 2)
Cut score: 264.2500, branch score: 831.0833
    121   107  5514196.0000     8  5572426.0000  5472311.0000     1452    1.80%         x.1.160 D    121    119     20
Cannot find any cut at node 122
    122   108  5517696.0000     8  5572426.0000  5472311.0000     1461    1.80%         x.1.160 U    122    119     20
Cut score: 264.2500, branch score: 1383.9583
    123   109  5518550.5000    20  5572426.0000  5472311.0000     1477    1.80%       x.126.187 D    123    121     21
Cut score: 264.2500, branch score: 1715.6667
    124   110  5514548.0000     8  5572426.0000  5472311.0000     1479    1.80%       x.126.187 U    124    121     21
Cut score: 264.2500, branch score: 1833.5000
    125   111  5519557.5000    12  5572426.0000  5472311.0000     1496    1.80%        x.51.126 D    125    124     22
Cut score: 264.2500, branch score: 1356.1667
    126   112  5515830.5000    10  5572426.0000  5472311.0000     1503    1.80%        x.51.126 U    126    124     22
Cut score: 264.2500, branch score: 7727.9583
    127   113  5516287.0000     8  5572426.0000  5472311.0000     1504    1.80%       x.175.189 D    127    126     23
Cut score: 264.2500, branch score: 1521.1667
    128   114  5522813.0000     8  5572426.0000  5472311.0000     1514    1.80%       x.175.189 U    128    126     23
Cut score: 264.2500, branch score: 1558.4167
    129   115  5526250.2500    19  5572426.0000  5472311.0000     1538    1.80%       x.106.189 D    129    127     24
Cut score: 264.2500, branch score: 1151.5000
    130   116  5523793.5000     8  5572426.0000  5472311.0000     1550    1.80%       x.106.189 U    130    127     24
Elapsed time = 279.19 sec. (3975.14 ticks, tree = 1.35 MB, solutions = 2)
Cut score: 264.2500, branch score: 143.7500
At node 131, add 1 user cuts
Cannot find any cut at node 131
    131   117  5524753.2500    30  5572426.0000  5472311.0000     1555    1.80%       x.139.188 N    131    130     25
                                                      User: 1                  
Cannot find any cut at node 132
    132   118  5529745.2500    22  5572426.0000  5472311.0000     1560    1.80%       x.139.188 U    132    130     25
Cannot find any cut at node 133
    133   119  5524863.2500    32  5572426.0000  5472311.0000     1562    1.80%        x.27.182 D    133    131     26
Cannot find any cut at node 134
    134   120  5525413.7500    30  5572426.0000  5472311.0000     1565    1.80%        x.27.182 U    134    131     26
Cut score: 39.2500, branch score: 403.7917
    135   121  5525908.7500    54  5572426.0000  5472311.0000     1571    1.80%       x.182.189 D    135    133     27
Cannot find any cut at node 136
    136   122  5525414.2500    30  5572426.0000  5472311.0000     1573    1.80%       x.182.189 U    136    133     27
Cannot find any cut at node 137
    137   123  5532217.2500    22  5572426.0000  5472311.0000     1580    1.80%       x.106.175 D    137    136     28
Cannot find any cut at node 138
    138   124  5532928.7500    32  5572426.0000  5472311.0000     1596    1.80%       x.106.175 U    138    136     28
Cannot find any cut at node 139
    139   125  5532221.2500    20  5572426.0000  5472311.0000     1597    1.80%        x.85.118 D    139    137     29
Cannot find any cut at node 140
    140   126  5537917.0000    10  5572426.0000  5472311.0000     1602    1.80%        x.85.118 U    140    137     29
Elapsed time = 285.78 sec. (4134.66 ticks, tree = 1.47 MB, solutions = 2)
Cannot find any cut at node 141
    141   127  5532530.7500    18  5572426.0000  5472311.0000     1603    1.80%        x.55.118 D    141    139     30
Cannot find any cut at node 142
    142   128  5532677.5000     6  5572426.0000  5472311.0000     1604    1.80%        x.55.118 U    142    139     30
*   143    92      integral     0  5532985.0000  5472311.0000     1609    1.10%
Found incumbent of value 5532985.000000 after 286.32 sec. (4179.89 ticks)
    143    92  5532985.0000     0  5532985.0000  5472311.0000     1609    1.10%        x.52.101 D    143    141     31
    144    91        cutoff        5532985.0000  5472311.0000     1612    1.10%        x.52.101 U    144    141     31
Cannot find any cut at node 145
    145    92  5479850.0000    60  5532985.0000  5475586.0000     1621    1.04%         x.33.72 D    145      1      2
Cannot find any cut at node 146
    146    93  5482433.7500    64  5532985.0000  5475586.0000     1627    1.04%         x.8.196 D    146    145      3
Cannot find any cut at node 147
    147    94  5486975.0000    60  5532985.0000  5475586.0000     1633    1.04%       x.113.196 D    147    146      4
Cannot find any cut at node 148
    148    95  5490931.5000    62  5532985.0000  5475586.0000     1637    1.04%       x.150.180 D    148    147      5
Cut score: 1342.3750, branch score: 7467.5000
    149    96  5496287.7500    54  5532985.0000  5475586.0000     1658    1.04%        x.25.180 D    149    148      6
Cut score: 1225.4688, branch score: 1509.4167
    150    97  5503421.2500    54  5532985.0000  5475586.0000     1669    1.04%        x.37.177 D    150    149      7
Elapsed time = 291.95 sec. (4224.34 ticks, tree = 1.15 MB, solutions = 3)
Cut score: 1509.4375, branch score: 7169.5139
    151    98  5503956.5000    50  5532985.0000  5475586.0000     1670    1.04%       x.102.196 D    151    150      8
Cut score: 54.5833, branch score: 697.2083
    152    99  5507954.1667    78  5532985.0000  5475586.0000     1683    1.04%         x.5.196 D    152    151      9
Cut score: 1985.1875, branch score: 2547.9167
    153   100  5509865.7500    53  5532985.0000  5475586.0000     1690    1.04%        x.18.196 D    153    152     10
Cut score: 1914.5000, branch score: 2851.2500
    154   101  5511787.0000    50  5532985.0000  5475586.0000     1692    1.04%         x.2.196 D    154    153     11
Cut score: 1914.5000, branch score: 2966.2500
    155   102  5513926.0000    54  5532985.0000  5475586.0000     1696    1.04%       x.139.182 D    155    154     12
Cut score: 1914.5000, branch score: 2779.3333
    156   103  5519043.5000    50  5532985.0000  5475586.0000     1708    1.04%        x.48.139 D    156    155     13
Cut score: 1914.5000, branch score: 724.5000
At node 157, add 10 user cuts
Cannot find any cut at node 157
    157   104  5530074.0000    71  5532985.0000  5475586.0000     1725    1.04%        x.48.182 N    157    156     14
                                                     User: 10                  
Cannot find any cut at node 158
    158   105  5530766.5000    69  5532985.0000  5475586.0000     1726    1.04%         x.48.86 D    158    157     15
Cannot find any cut at node 159
    159   106  5531395.5000    56  5532985.0000  5475586.0000     1728    1.04%        x.92.150 D    159    158     16
Cannot find any cut at node 160
    160   105  5539307.5000    56  5532985.0000  5475586.0000     1736    1.04%        x.99.184 D    160    159     17
Elapsed time = 315.63 sec. (4314.95 ticks, tree = 1.26 MB, solutions = 3)
    161   104        cutoff        5532985.0000  5475586.0000     1739    1.04%        x.99.184 U    161    159     17
Cut score: 2080.0000, branch score: 1505.2500
At node 162, add 1 user cuts
Cannot find any cut at node 162
    162   105  5494487.7500    40  5532985.0000  5475586.0000     1752    1.04%         x.8.196 N    162      4      3
                                                      User: 1                  
Cannot find any cut at node 163
    163   106  5498444.2500    42  5532985.0000  5475586.0000     1755    1.04%       x.150.180 D    163    162      4
Cannot find any cut at node 164
    164   107  5503446.3750    63  5532985.0000  5475586.0000     1772    1.04%        x.25.180 D    164    163      5
Cannot find any cut at node 165
    165   108  5511440.8750    65  5532985.0000  5475586.0000     1785    1.04%        x.37.177 D    165    164      6
Cannot find any cut at node 166
    166   109  5512076.5000    46  5532985.0000  5475586.0000     1789    1.04%        x.92.150 D    166    165      7
Cannot find any cut at node 167
    167   110  5513317.5000    38  5532985.0000  5475586.0000     1791    1.04%        x.37.156 D    167    166      8
Cannot find any cut at node 168
    168   111  5515456.5000    42  5532985.0000  5475586.0000     1795    1.04%       x.139.182 D    168    167      9
Cannot find any cut at node 169
    169   112  5520574.0000    38  5532985.0000  5475586.0000     1804    1.04%        x.48.139 D    169    168     10
Cannot find any cut at node 170
    170   113  5529690.0000    40  5532985.0000  5475586.0000     1814    1.04%        x.48.182 D    170    169     11
Elapsed time = 322.08 sec. (4397.47 ticks, tree = 1.36 MB, solutions = 3)
Cannot find any cut at node 171
    171   114  5529964.5000    38  5532985.0000  5475586.0000     1815    1.04%         x.48.86 D    171    170     12
    172   113    infeasible        5532985.0000  5475586.0000     1815    1.04%        x.41.179 D    172    171     13
    173   112        cutoff        5532985.0000  5475586.0000     1816    1.04%        x.41.179 U    173    171     13
Cannot find any cut at node 174
    174   113  5480227.7500    68  5532985.0000  5479850.0000     1823    0.96%         x.8.196 D    174      4      3

User cuts applied:  496

Root node processing (before b&c):
  Real time             =    6.15 sec. (1172.54 ticks)
Sequential b&c:
  Real time             =  316.56 sec. (3269.24 ticks)
                          ------------
Total (root+branch&cut) =  322.71 sec. (4441.78 ticks)
