Version identifier: 12.10.0.0 | 2019-11-26 | 843d4de
CPXPARAM_Preprocessing_Presolve                  0
CPXPARAM_Read_DataCheck                          1
CPXPARAM_Threads                                 1
CPXPARAM_MIP_Display                             4
CPXPARAM_MIP_Strategy_Search                     1
CPXPARAM_MIP_Interval                            1
CPXPARAM_TimeLimit                               3600
CPXPARAM_MIP_Limits_CutsFactor                   0
Lazy constraint(s) or lazy constraint/branch callback is present.
    Disabling dual reductions (CPX_PARAM_REDUCE) in presolve.
    Disabling non-linear reductions (CPX_PARAM_PRELINEAR) in presolve.
    Disabling presolve reductions that prevent crushing forms.
Dual steepest-edge pricing selected.
MIP emphasis: balance optimality and feasibility.
MIP search method: traditional branch-and-cut.
Parallel mode: none, using 1 thread.
Initializing dual steep norms . . .

Iteration log . . .
Iteration:     1   Dual objective     =        159428.000000
Iteration:   177   Dual objective     =       3903565.500000
Iteration:   313   Dual objective     =       4417850.000000
Root relaxation solution time = 0.01 sec. (7.81 ticks)

        Nodes                                         Cuts/
   Node  Left     Objective  IInf  Best Integer    Best Bound    ItCnt     Gap         Variable B NodeID Parent  Depth

      0     0  4418229.0000    24                4418229.0000      315         
      0     0  4549040.5000    24                    User: 99      369         
      0     0  4587622.0000    24                   User: 106      411         
      0     0  4594031.5000    24                    User: 87      434         
      0     0  4621190.5000    24                    User: 47      443         
      0     0  4624457.0000    24                     User: 3      450         
      0     0  4630685.5000    24                    User: 95      467         
*     0+    0                      5263874.0000  4630685.5000            12.03%
Found incumbent of value 5263874.000000 after 6.30 sec. (645.80 ticks)
*     0+    0                      4761857.0000  4630685.5000             2.75%
Found incumbent of value 4761857.000000 after 6.57 sec. (1059.47 ticks)
      0     2  4630685.5000    38  4761857.0000  4630685.5000      467    2.75%                        0             0
Elapsed time = 6.81 sec. (1417.20 ticks, tree = 0.01 MB, solutions = 2)
Cannot find any cut at node 1
      1     3  4644595.0000    40  4761857.0000  4630685.5000      471    2.75%        x.94.141 D      1      0      1
Cut score: 1417.0000, branch score: 5231.6667
      2     4  4660893.5000    30  4761857.0000  4644595.0000      479    2.46%        x.94.141 U      2      0      1
Cut score: 4486.3000, branch score: 5656.8333
      3     5  4646808.5000    30  4761857.0000  4644595.0000      482    2.46%        x.32.141 D      3      1      2
Cannot find any cut at node 4
      4     6  4654901.0000    32  4761857.0000  4646808.5000      484    2.42%        x.32.141 U      4      1      2
Cut score: 6099.0000, branch score: 935.4167
At node 5, add 3 user cuts
Cut score: 2663.3333, branch score: 703.9722
At node 5, add 3 user cuts
Cut score: 153.6667, branch score: 1018.9583
      5     7  4661148.3333    63  4761857.0000  4646808.5000      505    2.42%        x.99.120 N      5      3      3
                                                      User: 6                  
Cannot find any cut at node 6
      6     8  4652862.0000    32  4761857.0000  4652862.0000      512    2.29%        x.99.120 U      6      3      3
Cannot find any cut at node 7
      7     9  4655724.0000    24  4761857.0000  4652862.0000      521    2.29%        x.51.110 D      7      6      4
Cannot find any cut at node 8
      8    10  4658894.5000    32  4761857.0000  4654901.0000      530    2.25%        x.51.110 U      8      6      4
Cannot find any cut at node 9
      9    11  4656163.0000     8  4761857.0000  4654901.0000      532    2.25%        x.33.163 D      9      7      5
Cannot find any cut at node 10
     10    12  4659141.5000    24  4761857.0000  4654901.0000      537    2.25%        x.33.163 U     10      7      5
Elapsed time = 31.59 sec. (2193.39 ticks, tree = 0.13 MB, solutions = 2)
     11    13  4657171.0000    12  4761857.0000  4654901.0000      538    2.25%         x.22.90 D     11      9      6
                                                      User: 2                  
*    12     4      integral     0  4657833.0000  4654901.0000      543    0.06%
Found incumbent of value 4657833.000000 after 31.65 sec. (2279.98 ticks)
     12     4  4657833.0000     0  4657833.0000  4654901.0000      543    0.06%        x.21.146 D     12     11      7

User cuts applied:  457

Root node processing (before b&c):
  Real time             =    6.80 sec. (1417.28 ticks)
Sequential b&c:
  Real time             =   24.86 sec. (868.84 ticks)
                          ------------
Total (root+branch&cut) =   31.66 sec. (2286.12 ticks)
