Version identifier: 12.10.0.0 | 2019-11-26 | 843d4de
CPXPARAM_Preprocessing_Presolve                  0
CPXPARAM_Read_DataCheck                          1
CPXPARAM_Threads                                 1
CPXPARAM_MIP_Display                             4
CPXPARAM_MIP_Strategy_Search                     1
CPXPARAM_MIP_Interval                            1
CPXPARAM_TimeLimit                               3600
CPXPARAM_MIP_Limits_CutsFactor                   0
Lazy constraint(s) or lazy constraint/branch callback is present.
    Disabling dual reductions (CPX_PARAM_REDUCE) in presolve.
    Disabling non-linear reductions (CPX_PARAM_PRELINEAR) in presolve.
    Disabling presolve reductions that prevent crushing forms.
Dual steepest-edge pricing selected.
MIP emphasis: balance optimality and feasibility.
MIP search method: traditional branch-and-cut.
Parallel mode: none, using 1 thread.
Initializing dual steep norms . . .

Iteration log . . .
Iteration:     1   Dual objective     =         83480.000000
Iteration:   174   Dual objective     =       3847180.000000
Iteration:   321   Dual objective     =       4496188.500000
Root relaxation solution time = 0.01 sec. (8.39 ticks)

        Nodes                                         Cuts/
   Node  Left     Objective  IInf  Best Integer    Best Bound    ItCnt     Gap         Variable B NodeID Parent  Depth

      0     0  4534065.5000    38                4534065.5000      355         
      0     0  4613331.5000    38                   User: 114      393         
      0     0  4630203.0000    38                    User: 74      422         
      0     0  4637325.5000    38                    User: 34      437         
      0     0  4643012.5000    38                     User: 4      451         
      0     0  5184547.5000    38                     User: 1      465         
      0     0  5215992.5000    38                    User: 10      480         
      0     0  5242806.0000    38                    User: 41      489         
      0     0  5244455.5000    38                    User: 70      492         
      0     2  5244455.5000    24                5244455.5000      492                                 0             0
Elapsed time = 8.22 sec. (1902.93 ticks, tree = 0.01 MB, solutions = 0)
Cannot find any cut at node 1
      1     3  5245707.5000    24                5244455.5000      497                x.116.118 D      1      0      1
Cut score: 111.0000, branch score: 3936.0000
      2     4  5258925.0000    30                5245707.5000      514                x.116.118 U      2      0      1
Cannot find any cut at node 3
      3     5  5248236.1667    38                5245707.5000      525                 x.91.189 D      3      1      2
Cannot find any cut at node 4
      4     6  5249420.0000    20                5248236.1667      534                 x.91.189 U      4      1      2
Cut score: 77.1667, branch score: 2188.8333
      5     7  5260803.0000    31                5248236.1667      544                  x.39.63 D      5      3      3
Cannot find any cut at node 6
      6     8  5251294.5000    26                5249420.0000      557                  x.39.63 U      6      3      3
Cannot find any cut at node 7
      7     9  5251462.0000    37                5249420.0000      559                x.162.176 D      7      6      4
Cannot find any cut at node 8
      8    10  5254258.5000    28                5249420.0000      565                x.162.176 U      8      6      4
Cannot find any cut at node 9
      9    11  5251741.0000    37                5249420.0000      566                 x.39.134 D      9      7      5
Cannot find any cut at node 10
*    10+   10                      5829923.0000  5249420.0000             9.96%
Found incumbent of value 5829923.000000 after 20.66 sec. (2726.31 ticks)
     10    12  5260052.0000    31  5829923.0000  5249420.0000      581    9.96%        x.39.134 U     10      7      5
                                                      User: 2                  
Elapsed time = 20.67 sec. (2726.70 ticks, tree = 0.11 MB, solutions = 1)
Cannot find any cut at node 11
     11    13  5254319.5000    30  5829923.0000  5249420.0000      586    9.96%        x.62.174 D     11      9      6
Cannot find any cut at node 12
     12    14  5260610.0000    31  5829923.0000  5249420.0000      603    9.96%        x.62.174 U     12      9      6
Cannot find any cut at node 13
     13    15  5255856.0000    32  5829923.0000  5249420.0000      605    9.96%       x.101.195 D     13     11      7
Cannot find any cut at node 14
     14    16  5259770.0000    30  5829923.0000  5249420.0000      611    9.96%       x.101.195 U     14     11      7
Cut score: 2205.0000, branch score: 1264.4167
At node 15, add 1 user cuts
Cannot find any cut at node 15
     15    17  5259478.5000    44  5829923.0000  5249420.0000      619    9.96%          x.0.55 N     15     13      8
                                                      User: 1                  
Cut score: 316.5000, branch score: 1264.4167
     16    18  5261217.5000    26  5829923.0000  5249420.0000      623    9.96%          x.0.55 U     16     13      8
Cannot find any cut at node 17
     17    19  5262500.0000    42  5829923.0000  5249420.0000      626    9.96%        x.95.195 D     17     15      9
Cannot find any cut at node 18
     18    20  5260391.5000    42  5829923.0000  5249420.0000      628    9.96%        x.95.195 U     18     15      9
Cut score: 3027.3333, branch score: 2037.1667
At node 19, add 1 user cuts
Cut score: 1540.6667, branch score: 1526.6389
At node 19, add 15 user cuts
Cannot find any cut at node 19
     19    21  5266055.0000    42  5829923.0000  5249420.0000      641    9.96%         x.9.101 N     19     18     10
                                                     User: 16                  
Cannot find any cut at node 20
     20    22  5264584.5000    42  5829923.0000  5249420.0000      646    9.96%         x.9.101 U     20     18     10
Elapsed time = 39.10 sec. (3344.75 ticks, tree = 0.21 MB, solutions = 1)
Cannot find any cut at node 21
     21    23  5269873.0000    44  5829923.0000  5249420.0000      653    9.96%       x.101.188 D     21     20     11
Cannot find any cut at node 22
     22    24  5265042.5000    42  5829923.0000  5249420.0000      654    9.96%       x.101.188 U     22     20     11
Cannot find any cut at node 23
     23    25  5274793.5000    44  5829923.0000  5249420.0000      665    9.96%          x.9.95 D     23     22     12
Cannot find any cut at node 24
     24    26  5269219.0000    42  5829923.0000  5249420.0000      668    9.96%          x.9.95 U     24     22     12
Cut score: 1793.1667, branch score: 3980.6111
     25    27  5274715.8333    42  5829923.0000  5249420.0000      676    9.96%         x.27.84 D     25     24     13
Cannot find any cut at node 26
     26    28  5276205.5000    44  5829923.0000  5249420.0000      682    9.96%         x.27.84 U     26     24     13
Cannot find any cut at node 27
     27    29  5286972.0000    42  5829923.0000  5249420.0000      693    9.96%         x.21.90 D     27     25     14
Cut score: 3324.1667, branch score: 2249.7500
At node 28, add 18 user cuts
Cannot find any cut at node 28
     28    30  5280365.5000    46  5829923.0000  5249420.0000      700    9.96%         x.21.90 N     28     25     14
                                                     User: 18                  
Cut score: 6.0000, branch score: 514.3333
     29    31  5282406.5000    52  5829923.0000  5249420.0000      704    9.96%        x.84.114 D     29     28     15
Cannot find any cut at node 30
     30    32  5294685.0000    42  5829923.0000  5249420.0000      712    9.96%        x.84.114 U     30     28     15
                                                      User: 3                  
Elapsed time = 55.27 sec. (3994.45 ticks, tree = 0.32 MB, solutions = 1)
Cut score: 43.6667, branch score: 173.1667
     31    33  5282884.8333    39  5829923.0000  5249420.0000      716    9.96%        x.84.188 D     31     29     16
Cut score: 46.6667, branch score: 807.2500
     32    34  5283100.8333    39  5829923.0000  5249420.0000      721    9.96%        x.84.188 U     32     29     16
Cut score: 1452.7500, branch score: 1605.2083
     33    35  5283652.0000    24  5829923.0000  5249420.0000      726    9.96%        x.30.126 D     33     31     17
Cut score: 1083.0000, branch score: 1235.8333
     34    36  5283892.5000    22  5829923.0000  5249420.0000      730    9.96%        x.30.126 U     34     31     17
Cut score: 1095.7500, branch score: 1855.4583
     35    37  5284009.0000    26  5829923.0000  5249420.0000      733    9.96%          x.8.88 D     35     33     18
Cut score: 1497.2500, branch score: 300.3750
At node 36, add 45 user cuts
Cut score: 74.9167, branch score: 521.1667
     36    38  5295698.7500    41  5829923.0000  5249420.0000      748    9.96%          x.8.88 N     36     33     18
                                                     User: 45                  
Cut score: 74.9167, branch score: 2372.5833
     37    39  5285104.7500    41  5829923.0000  5249420.0000      756    9.96%         x.8.126 D     37     35     19
Cut score: 5313.5000, branch score: 4229.6250
At node 38, add 9 user cuts
Cannot find any cut at node 38
     38    40  5295163.5000    24  5829923.0000  5249420.0000      768    9.96%         x.8.126 N     38     35     19
                                                      User: 9                  
Cannot find any cut at node 39
     39    41  5285329.5000    24  5829923.0000  5249420.0000      770    9.96%        x.84.123 D     39     37     20
Cannot find any cut at node 40
     40    42  5298216.5000    24  5829923.0000  5249420.0000      783    9.96%        x.84.123 U     40     37     20
                                                      User: 3                  
Elapsed time = 86.91 sec. (4716.95 ticks, tree = 0.45 MB, solutions = 1)
Cut score: 93.5000, branch score: 965.6667
     41    43  5285403.0000    32  5829923.0000  5249420.0000      785    9.96%        x.64.161 D     41     39     21
Cannot find any cut at node 42
     42    44  5288596.0000    22  5829923.0000  5249420.0000      792    9.96%        x.64.161 U     42     39     21
Cut score: 93.5000, branch score: 2053.6667
     43    45  5286992.0000    30  5829923.0000  5249420.0000      797    9.96%         x.7.118 D     43     41     22
Cut score: 3662.7500, branch score: 883.2500
At node 44, add 2 user cuts
Cannot find any cut at node 44
     44    46  5289906.7500    53  5829923.0000  5249420.0000      808    9.96%         x.7.118 N     44     41     22
                                                      User: 2                  
Cannot find any cut at node 45
     45    47  5287828.0000    20  5829923.0000  5249420.0000      812    9.96%        x.45.129 D     45     43     23
Cut score: 2807.5000, branch score: 510.5833
At node 46, add 2 user cuts
Cut score: 137.0000, branch score: 1486.3333
     46    48  5292145.0000    20  5829923.0000  5249420.0000      828    9.96%        x.45.129 N     46     43     23
                                                      User: 2                  
Cut score: 4270.5000, branch score: 1236.7500
At node 47, add 10 user cuts
Cannot find any cut at node 47
     47    49  5295649.0000    22  5829923.0000  5249420.0000      842    9.96%        x.18.126 N     47     45     24
                                                     User: 10                  
Cannot find any cut at node 48
     48    50  5288831.5000    36  5829923.0000  5249420.0000      847    9.96%        x.18.126 U     48     45     24
Cannot find any cut at node 49
     49    51  5300991.0000    32  5829923.0000  5249420.0000      864    9.96%         x.39.75 D     49     48     25
Cannot find any cut at node 50
     50    52  5288864.0000    40  5829923.0000  5249420.0000      865    9.96%         x.39.75 U     50     48     25
Elapsed time = 114.12 sec. (5424.60 ticks, tree = 0.57 MB, solutions = 1)
Cannot find any cut at node 51
     51    53  5291895.5000    42  5829923.0000  5249420.0000      869    9.96%       x.176.189 D     51     50     26
Cut score: 42.5000, branch score: 376.6111
     52    54  5289226.0000    57  5829923.0000  5249420.0000      876    9.96%       x.176.189 U     52     50     26
Cut score: 720.5000, branch score: 2526.0833
     53    55  5291273.1667    48  5829923.0000  5249420.0000      885    9.96%        x.63.134 D     53     52     27
Cannot find any cut at node 54
     54    56  5289268.5000    28  5829923.0000  5249420.0000      886    9.96%        x.63.134 U     54     52     27
Cannot find any cut at node 55
     55    57  5290134.5000     6  5829923.0000  5249420.0000      890    9.96%        x.30.122 D     55     54     28
Cut score: 60.6667, branch score: 1167.1667
     56    58  5290104.8333    27  5829923.0000  5249420.0000      896    9.96%        x.30.122 U     56     54     28
Cut score: 60.6667, branch score: 541.5278
     57    59  5291532.3333    37  5829923.0000  5249420.0000      907    9.96%        x.67.140 D     57     56     29
Cut score: 2439.5000, branch score: 829.8889
At node 58, add 3 user cuts
Cut score: 60.6667, branch score: 4599.5833
     58    60  5298315.8333    27  5829923.0000  5249420.0000      922    9.96%        x.67.140 N     58     56     29
                                                      User: 3                  
Cut score: 60.6667, branch score: 2364.9286
     59    61  5291668.8333    27  5829923.0000  5249420.0000      923    9.96%         x.62.75 D     59     57     30
Cut score: 60.6667, branch score: 1636.8333
     60    62  5296419.8333    37  5829923.0000  5249420.0000      932    9.96%         x.62.75 U     60     57     30
                                                      User: 8                  
Elapsed time = 144.61 sec. (6304.46 ticks, tree = 0.70 MB, solutions = 1)
Cut score: 487.7024, branch score: 774.0079
     61    63  5293359.0476    60  5829923.0000  5249420.0000      939    9.96%       x.140.199 D     61     59     31
Cut score: 60.6667, branch score: 1539.3472
     62    64  5299187.8333    27  5829923.0000  5249420.0000      949    9.96%       x.140.199 U     62     59     31
Cut score: 60.6667, branch score: 963.2778
     63    65  5294099.0000    45  5829923.0000  5249420.0000      952    9.96%        x.75.174 D     63     61     32
Cut score: 1184.1667, branch score: 546.7222
At node 64, add 5 user cuts
Cannot find any cut at node 64
     64    66  5295487.5000    44  5829923.0000  5249420.0000      964    9.96%        x.75.174 N     64     61     32
                                                      User: 5                  
Cannot find any cut at node 65
     65    67  5296197.6667    42  5829923.0000  5249420.0000      969    9.96%        x.62.132 D     65     63     33
Cannot find any cut at node 66
     66    68  5294908.0000    40  5829923.0000  5249420.0000      972    9.96%        x.62.132 U     66     63     33
Cannot find any cut at node 67
     67    69  5294948.0000    39  5829923.0000  5249420.0000      973    9.96%        x.56.152 D     67     66     34
Cut score: 2246.2500, branch score: 728.0000
At node 68, add 3 user cuts
Cannot find any cut at node 68
     68    70  5306316.0000    36  5829923.0000  5249420.0000     1000    9.96%        x.56.152 N     68     66     34
                                                      User: 3                  
Cannot find any cut at node 69
     69    71  5295417.5000    41  5829923.0000  5249420.0000     1001    9.96%       x.168.174 D     69     67     35
Cannot find any cut at node 70
     70    72  5307759.5000    41  5829923.0000  5249420.0000     1003    9.96%       x.168.174 U     70     67     35
Elapsed time = 164.43 sec. (7094.55 ticks, tree = 0.83 MB, solutions = 1)
Cannot find any cut at node 71
     71    73  5296056.0000    39  5829923.0000  5249420.0000     1005    9.96%       x.142.175 D     71     69     36
Cut score: 4467.0000, branch score: 590.8333
At node 72, add 1 user cuts
Cannot find any cut at node 72
     72    74  5300634.0000    33  5829923.0000  5249420.0000     1015    9.96%       x.142.175 N     72     69     36
                                                      User: 1                  
Cut score: 418.5000, branch score: 1190.2500
     73    75  5300644.0000    41  5829923.0000  5249420.0000     1020    9.96%       x.125.142 D     73     71     37
Cannot find any cut at node 74
     74    76  5301911.0000    33  5829923.0000  5249420.0000     1030    9.96%       x.125.142 U     74     71     37
Cannot find any cut at node 75
     75    77  5301062.5000    43  5829923.0000  5249420.0000     1032    9.96%        x.25.125 D     75     73     38
Cut score: 5778.5000, branch score: 4184.2500
At node 76, add 1 user cuts
Cannot find any cut at node 76
     76    78  5311182.5000    39  5829923.0000  5249420.0000     1039    9.96%        x.25.125 N     76     73     38
                                                      User: 1                  
Cannot find any cut at node 77
     77    79  5303608.5000    39  5829923.0000  5249420.0000     1041    9.96%       x.107.125 D     77     75     39
Cannot find any cut at node 78
     78    80  5301567.0000    33  5829923.0000  5249420.0000     1042    9.96%       x.107.125 U     78     75     39
Cut score: 301.5000, branch score: 262.3333
At node 79, add 8 user cuts
Cannot find any cut at node 79
     79    81  5302821.0000    13  5829923.0000  5249420.0000     1050    9.96%        x.40.137 N     79     78     40
                                                      User: 8                  
Cannot find any cut at node 80
     80    82  5302085.5000    25  5829923.0000  5249420.0000     1054    9.96%        x.40.137 U     80     78     40
Elapsed time = 186.82 sec. (7570.94 ticks, tree = 0.97 MB, solutions = 1)
Cannot find any cut at node 81
     81    83  5303635.5000    31  5829923.0000  5249420.0000     1061    9.96%        x.55.135 D     81     80     41
Cut score: 2470.0000, branch score: 2510.9167
     82    84  5317352.5000    27  5829923.0000  5249420.0000     1080    9.96%        x.55.135 U     82     80     41
Cannot find any cut at node 83
     83    85  5305340.5000    31  5829923.0000  5249420.0000     1084    9.96%         x.2.161 D     83     81     42
Cannot find any cut at node 84
     84    86  5304274.5000    31  5829923.0000  5249420.0000     1088    9.96%         x.2.161 U     84     81     42
Cannot find any cut at node 85
     85    87  5304556.5000    31  5829923.0000  5249420.0000     1090    9.96%        x.33.112 D     85     84     43
Cannot find any cut at node 86
     86    88  5311412.0000    31  5829923.0000  5249420.0000     1104    9.96%        x.33.112 U     86     84     43
Cannot find any cut at node 87
     87    89  5307175.0000    27  5829923.0000  5249420.0000     1112    9.96%       x.129.136 D     87     85     44
Cannot find any cut at node 88
     88    90  5304758.0000    13  5829923.0000  5249420.0000     1114    9.96%       x.129.136 U     88     85     44
*    89    75      integral     0  5304883.0000  5249420.0000     1115    1.05%
Found incumbent of value 5304883.000000 after 192.55 sec. (7956.52 ticks)
     89    75  5304883.0000     0  5304883.0000  5249420.0000     1115    1.05%         x.22.56 D     89     88     45
     90    74        cutoff        5304883.0000  5249420.0000     1116    1.05%         x.22.56 U     90     88     45
Elapsed time = 192.56 sec. (7966.26 ticks, tree = 0.88 MB, solutions = 2)
Cannot find any cut at node 91
     91    75  5254870.5000    20  5304883.0000  5249420.0000     1123    1.05%       x.101.195 U     91      4      3
Cannot find any cut at node 92
     92    76  5258279.5000    22  5304883.0000  5249420.0000     1125    1.05%        x.95.188 D     92     91      4
Cannot find any cut at node 93
     93    77  5261514.0000    20  5304883.0000  5249420.0000     1130    1.05%        x.95.188 U     93     91      4
Cannot find any cut at node 94
     94    78  5258538.0000    20  5304883.0000  5249420.0000     1131    1.05%       x.101.188 D     94     92      5
Cut score: 37.5000, branch score: 3903.0000
     95    79  5259939.5000    22  5304883.0000  5249420.0000     1135    1.05%       x.101.188 U     95     92      5
Cannot find any cut at node 96
     96    80  5262160.5000    32  5304883.0000  5249420.0000     1143    1.05%          x.0.55 D     96     94      6
Cut score: 316.5000, branch score: 1898.0833
     97    81  5263899.5000    14  5304883.0000  5249420.0000     1147    1.05%          x.0.55 U     97     94      6
Cannot find any cut at node 98
     98    82  5263015.0000    32  5304883.0000  5249420.0000     1150    1.05%         x.9.188 D     98     96      7
Cannot find any cut at node 99
     99    83  5269276.5000    32  5304883.0000  5249420.0000     1152    1.05%         x.9.188 U     99     96      7
Cannot find any cut at node 100
    100    84  5264642.5000    32  5304883.0000  5249420.0000     1155    1.05%       x.178.188 D    100     98      8
Elapsed time = 200.73 sec. (8122.69 ticks, tree = 0.99 MB, solutions = 2)
Cut score: 1956.5000, branch score: 3477.5278
    101    85  5273922.0000    34  5304883.0000  5249420.0000     1162    1.05%       x.178.188 U    101     98      8
Cannot find any cut at node 102
    102    86  5267414.5000    36  5304883.0000  5249420.0000     1172    1.05%         x.9.178 D    102    100      9
Cannot find any cut at node 103
    103    87  5274240.5000    32  5304883.0000  5249420.0000     1181    1.05%         x.9.178 U    103    100      9
Cannot find any cut at node 104
    104    88  5268945.5000    34  5304883.0000  5249420.0000     1185    1.05%        x.90.114 D    104    102     10
Cannot find any cut at node 105
    105    89  5267601.0000    32  5304883.0000  5249420.0000     1187    1.05%        x.90.114 U    105    102     10
Cannot find any cut at node 106
    106    90  5278082.5000    32  5304883.0000  5249420.0000     1197    1.05%         x.21.90 D    106    105     11
Cut score: 133.0000, branch score: 615.7500
    107    91  5267880.5000    20  5304883.0000  5249420.0000     1200    1.05%         x.21.90 U    107    105     11
Cannot find any cut at node 108
    108    92  5268632.8333    36  5304883.0000  5249420.0000     1205    1.05%        x.64.161 D    108    107     12
Cut score: 606.3000, branch score: 2039.0833
    109    93  5270910.0000    12  5304883.0000  5249420.0000     1211    1.05%        x.64.161 U    109    107     12
Cut score: 18.6667, branch score: 88.8611
    110    94  5272548.6667    38  5304883.0000  5249420.0000     1223    1.05%        x.95.101 D    110    108     13
Elapsed time = 216.39 sec. (8368.92 ticks, tree = 1.12 MB, solutions = 2)
Cannot find any cut at node 111
    111    95  5268770.3333    34  5304883.0000  5249420.0000     1224    1.05%        x.95.101 U    111    108     13
Cannot find any cut at node 112
    112    96  5275775.3333    36  5304883.0000  5249420.0000     1234    1.05%         x.21.84 D    112    111     14
Cut score: 307.0000, branch score: 2039.0833
    113    97  5268790.0000    18  5304883.0000  5249420.0000     1235    1.05%         x.21.84 U    113    111     14
Cut score: 307.0000, branch score: 950.2083
    114    98  5270202.5000    26  5304883.0000  5249420.0000     1240    1.05%         x.7.118 D    114    113     15
Cut score: 307.0000, branch score: 950.2083
    115    99  5273962.0000    22  5304883.0000  5249420.0000     1250    1.05%         x.7.118 U    115    113     15
Cut score: 2309.0000, branch score: 462.6667
At node 116, add 2 user cuts
Cut score: 2432.2500, branch score: 1518.9722
At node 116, add 12 user cuts
Cannot find any cut at node 116
    116   100  5280338.7500    41  5304883.0000  5249420.0000     1278    1.05%        x.65.147 N    116    114     16
                                                     User: 14                  
Cannot find any cut at node 117
    117   101  5270509.5000    40  5304883.0000  5249420.0000     1281    1.05%        x.65.147 U    117    114     16
Cannot find any cut at node 118
    118   102  5272509.0000    44  5304883.0000  5249420.0000     1289    1.05%        x.30.126 D    118    117     17
Cut score: 124.6667, branch score: 747.0833
    119   103  5273570.5000    36  5304883.0000  5249420.0000     1302    1.05%        x.30.126 U    119    117     17
Cannot find any cut at node 120
    120   104  5272850.5000    40  5304883.0000  5249420.0000     1304    1.05%          x.7.83 D    120    118     18
Elapsed time = 246.73 sec. (8548.73 ticks, tree = 1.26 MB, solutions = 2)
Cut score: 53.5000, branch score: 136.7500
    121   105  5273577.5000    38  5304883.0000  5249420.0000     1312    1.05%          x.7.83 U    121    118     18
Cannot find any cut at node 122
    122   106  5273896.6000    42  5304883.0000  5249420.0000     1318    1.05%        x.45.129 D    122    120     19
Cut score: 93.5000, branch score: 194.1667
    123   107  5277953.5000    32  5304883.0000  5249420.0000     1325    1.05%        x.45.129 U    123    120     19
Cannot find any cut at node 124
    124   108  5281298.0000    16  5304883.0000  5249420.0000     1334    1.05%        x.18.126 D    124    122     20
Cannot find any cut at node 125
    125   109  5274596.5000    40  5304883.0000  5249420.0000     1338    1.05%        x.18.126 U    125    122     20
Cannot find any cut at node 126
    126   110  5274760.0000    16  5304883.0000  5249420.0000     1340    1.05%        x.30.122 D    126    125     21
Cannot find any cut at node 127
    127   111  5275493.5000    38  5304883.0000  5249420.0000     1345    1.05%        x.30.122 U    127    125     21
Cannot find any cut at node 128
    128   112  5276465.0000    16  5304883.0000  5249420.0000     1349    1.05%         x.2.161 D    128    126     22
Cannot find any cut at node 129
    129   113  5275399.0000    16  5304883.0000  5249420.0000     1353    1.05%         x.2.161 U    129    126     22
Cannot find any cut at node 130
    130   114  5275462.5000    20  5304883.0000  5249420.0000     1354    1.05%        x.33.112 D    130    129     23
Elapsed time = 258.93 sec. (8657.26 ticks, tree = 1.40 MB, solutions = 2)
Cut score: 2559.5000, branch score: 348.3333
At node 131, add 1 user cuts
Cannot find any cut at node 131
    131   115  5282536.5000    16  5304883.0000  5249420.0000     1372    1.05%        x.33.112 N    131    129     23
                                                      User: 1                  
Cut score: 257.0000, branch score: 348.3333
    132   116  5277528.0000    10  5304883.0000  5249420.0000     1378    1.05%         x.2.112 D    132    130     24
Cannot find any cut at node 133
    133   117  5276963.5000    16  5304883.0000  5249420.0000     1386    1.05%         x.2.112 U    133    130     24
Cannot find any cut at node 134
    134   118  5279055.2500    40  5304883.0000  5249420.0000     1395    1.05%       x.102.137 D    134    133     25
Cannot find any cut at node 135
    135   119  5277863.5000    20  5304883.0000  5249420.0000     1400    1.05%       x.102.137 U    135    133     25
Cannot find any cut at node 136
    136   120  5277889.5000    16  5304883.0000  5249420.0000     1401    1.05%       x.105.137 D    136    135     26
Cut score: 1874.5000, branch score: 2043.0833
    137   121  5279307.0000    18  5304883.0000  5249420.0000     1405    1.05%       x.105.137 U    137    135     26
Cannot find any cut at node 138
    138   122  5278147.5000    16  5304883.0000  5249420.0000     1407    1.05%       x.102.105 D    138    136     27
Cannot find any cut at node 139
    139   123  5279359.0000    18  5304883.0000  5249420.0000     1411    1.05%       x.102.105 U    139    136     27
Cannot find any cut at node 140
    140   124  5278283.5000    12  5304883.0000  5249420.0000     1412    1.05%          x.4.96 D    140    138     28
Elapsed time = 272.94 sec. (8830.41 ticks, tree = 1.53 MB, solutions = 2)
Cannot find any cut at node 141
    141   125  5279557.5000    14  5304883.0000  5249420.0000     1417    1.05%          x.4.96 U    141    138     28
Cannot find any cut at node 142
    142   126  5285614.0000    12  5304883.0000  5249420.0000     1420    1.05%          x.3.73 D    142    140     29
Cannot find any cut at node 143
    143   127  5280309.0000    12  5304883.0000  5249420.0000     1428    1.05%          x.3.73 U    143    140     29
Cannot find any cut at node 144
    144   128  5280809.0000    14  5304883.0000  5249420.0000     1430    1.05%        x.28.137 D    144    143     30
Cannot find any cut at node 145
    145   129  5292957.0000    12  5304883.0000  5249420.0000     1439    1.05%        x.28.137 U    145    143     30
Cannot find any cut at node 146
    146   130  5280931.5000    14  5304883.0000  5249420.0000     1441    1.05%       x.137.158 D    146    144     31
Cannot find any cut at node 147
    147   131  5291809.0000    12  5304883.0000  5249420.0000     1447    1.05%       x.137.158 U    147    144     31
Cannot find any cut at node 148
    148   132  5282219.0000    12  5304883.0000  5249420.0000     1450    1.05%         x.45.72 D    148    146     32
Cannot find any cut at node 149
    149   133  5280931.5000    12  5304883.0000  5249420.0000     1451    1.05%         x.45.72 U    149    146     32
Cut score: 1532.5000, branch score: 558.0833
At node 150, add 3 user cuts
Cut score: 1004.5000, branch score: 1032.0000
    150   134  5286592.5000    16  5304883.0000  5249420.0000     1472    1.05%         x.3.181 N    150    149     33
                                                      User: 3                  
Elapsed time = 283.45 sec. (9019.65 ticks, tree = 1.67 MB, solutions = 2)
Cannot find any cut at node 151
    151   135  5280937.5000    12  5304883.0000  5249420.0000     1473    1.05%         x.3.181 U    151    149     33
Cannot find any cut at node 152
    152   136  5281165.0000    12  5304883.0000  5249420.0000     1474    1.05%         x.34.85 D    152    151     34
Cannot find any cut at node 153
    153   137  5291380.5000    12  5304883.0000  5249420.0000     1482    1.05%         x.34.85 U    153    151     34
Cannot find any cut at node 154
    154   138  5281735.5000    12  5304883.0000  5249420.0000     1484    1.05%       x.102.158 D    154    152     35
Cannot find any cut at node 155
    155   139  5289321.5000    12  5304883.0000  5249420.0000     1498    1.05%       x.102.158 U    155    152     35
Cannot find any cut at node 156
    156   140  5284269.0000    12  5304883.0000  5249420.0000     1508    1.05%       x.149.150 D    156    154     36
Cut score: 880.0000, branch score: 1064.3333
    157   141  5281898.5000    12  5304883.0000  5249420.0000     1509    1.05%       x.149.150 U    157    154     36
Cannot find any cut at node 158
    158   142  5282778.5000    12  5304883.0000  5249420.0000     1510    1.05%         x.68.82 D    158    157     37
Cannot find any cut at node 159
    159   143  5283884.5000    12  5304883.0000  5249420.0000     1512    1.05%         x.68.82 U    159    157     37
Cannot find any cut at node 160
    160   144  5283901.0000    12  5304883.0000  5249420.0000     1516    1.05%          x.1.96 D    160    158     38
Elapsed time = 289.82 sec. (9224.49 ticks, tree = 1.81 MB, solutions = 2)
Cut score: 1555.0000, branch score: 3313.9167
    161   145  5287333.0000    14  5304883.0000  5249420.0000     1528    1.05%          x.1.96 U    161    158     38
Cut score: 36.0000, branch score: 2922.3333
    162   146  5288600.0000    12  5304883.0000  5249420.0000     1537    1.05%       x.143.150 D    162    160     39
Cannot find any cut at node 163
    163   147  5284606.5000    14  5304883.0000  5249420.0000     1539    1.05%       x.143.150 U    163    160     39
Cut score: 1213.0000, branch score: 3028.9167
    164   148  5290989.0000    14  5304883.0000  5249420.0000     1551    1.05%        x.97.127 D    164    163     40
Cannot find any cut at node 165
    165   149  5285358.5000    20  5304883.0000  5249420.0000     1554    1.05%        x.97.127 U    165    163     40
Cut score: 393.5000, branch score: 2237.5833
    166   150  5286314.5000    12  5304883.0000  5249420.0000     1556    1.05%        x.83.118 D    166    165     41
Cut score: 1817.5000, branch score: 2330.8333
    167   151  5286384.5000    12  5304883.0000  5249420.0000     1559    1.05%        x.83.118 U    167    165     41
Cannot find any cut at node 168
    168   152  5286708.0000    18  5304883.0000  5249420.0000     1561    1.05%       x.143.177 D    168    166     42
Cut score: 1901.5000, branch score: 1300.6667
At node 169, add 21 user cuts
Cannot find any cut at node 169
    169   153  5299674.0000    12  5304883.0000  5249420.0000     1569    1.05%       x.143.177 N    169    166     42
                                                     User: 21                  
Cannot find any cut at node 170
    170   154  5290581.0000    14  5304883.0000  5249420.0000     1579    1.05%       x.118.177 D    170    168     43
Elapsed time = 309.70 sec. (9427.50 ticks, tree = 1.95 MB, solutions = 2)
Cut score: 1817.5000, branch score: 3211.7500
    171   155  5289083.5000    12  5304883.0000  5249420.0000     1582    1.05%       x.118.177 U    171    168     43
Cannot find any cut at node 172
    172   156  5290901.0000    14  5304883.0000  5249420.0000     1589    1.05%          x.1.82 D    172    171     44
Cut score: 3795.5000, branch score: 2595.4167
At node 173, add 14 user cuts
    173   155        cutoff        5304883.0000  5249420.0000     1618    1.05%          x.1.82 N    173    171     44
                                                     User: 14                  
Cannot find any cut at node 174
    174   156  5292713.5000    12  5304883.0000  5249420.0000     1622    1.05%           x.1.4 D    174    172     45
    175   155        cutoff        5304883.0000  5249420.0000     1634    1.05%           x.1.4 U    175    172     45
Cannot find any cut at node 176
    176   156  5293353.0000    18  5304883.0000  5249420.0000     1635    1.05%          x.1.14 D    176    174     46
Cannot find any cut at node 177
    177   155  5307276.5000    12  5304883.0000  5249420.0000     1643    1.05%          x.1.14 U    177    174     46
Cut score: 731.0000, branch score: 2176.4167
    178   156  5297938.0000    14  5304883.0000  5249420.0000     1650    1.05%        x.96.164 D    178    176     47
Cut score: 2008.0000, branch score: 1398.8333
At node 179, add 1 user cuts
Cannot find any cut at node 179
    179   157  5298559.5000    12  5304883.0000  5249420.0000     1653    1.05%          x.4.83 N    179    178     48
                                                      User: 1                  
Cannot find any cut at node 180
    180   158  5303817.0000    12  5304883.0000  5249420.0000     1661    1.05%          x.4.83 U    180    178     48
Elapsed time = 324.09 sec. (9685.49 ticks, tree = 2.02 MB, solutions = 2)
    181   157    infeasible        5304883.0000  5249420.0000     1661    1.05%         x.39.63 D    181    180     49
    182   156        cutoff        5304883.0000  5249420.0000     1663    1.05%         x.39.63 U    182    180     49
Cannot find any cut at node 183
    183   157  5250956.5000    22  5304883.0000  5250956.5000     1665    1.02%       x.101.195 D    183      4      3
Cannot find any cut at node 184
    184   158  5254579.0000    34  5304883.0000  5250956.5000     1673    1.02%          x.0.55 D    184    183      4
Cannot find any cut at node 185
    185   159  5257600.5000    32  5304883.0000  5250956.5000     1675    1.02%        x.95.195 D    185    184      5
Cannot find any cut at node 186
    186   160  5264244.0000    34  5304883.0000  5250956.5000     1680    1.02%        x.95.101 D    186    185      6
Cannot find any cut at node 187
    187   161  5265155.0000    36  5304883.0000  5250956.5000     1681    1.02%        x.95.188 D    187    186      7
Cannot find any cut at node 188
    188   162  5266635.0000    34  5304883.0000  5250956.5000     1683    1.02%         x.9.101 D    188    187      8
Cannot find any cut at node 189
    189   163  5268166.0000    36  5304883.0000  5250956.5000     1684    1.02%         x.21.84 D    189    188      9
Cannot find any cut at node 190
    190   164  5271942.0000    36  5304883.0000  5250956.5000     1692    1.02%        x.21.114 D    190    189     10
Elapsed time = 327.94 sec. (9738.42 ticks, tree = 2.10 MB, solutions = 2)
Cannot find any cut at node 191
    191   165  5276166.5000    32  5304883.0000  5250956.5000     1698    1.02%       x.101.188 D    191    190     11
Cannot find any cut at node 192
    192   166  5277703.5000    37  5304883.0000  5250956.5000     1700    1.02%       x.178.188 D    192    191     12
Cannot find any cut at node 193
    193   167  5278414.5000    34  5304883.0000  5250956.5000     1702    1.02%         x.9.188 D    193    192     13
Cut score: 18.5000, branch score: 2279.2500
    194   168  5279059.0000    34  5304883.0000  5250956.5000     1703    1.02%       x.101.178 D    194    193     14
Cannot find any cut at node 195
    195   169  5279474.5000    34  5304883.0000  5250956.5000     1704    1.02%        x.95.178 D    195    194     15
Cannot find any cut at node 196
    196   170  5282747.0000    36  5304883.0000  5250956.5000     1711    1.02%         x.9.178 D    196    195     16
Cut score: 168.0000, branch score: 965.1250
    197   171  5284884.7500    39  5304883.0000  5250956.5000     1721    1.02%        x.30.126 D    197    196     17
Cut score: 292.5000, branch score: 2039.0833
    198   172  5285339.5000    37  5304883.0000  5250956.5000     1723    1.02%        x.64.161 D    198    197     18
Cut score: 292.5000, branch score: 1667.0833
    199   173  5286752.0000    45  5304883.0000  5250956.5000     1728    1.02%         x.7.118 D    199    198     19
Cut score: 292.5000, branch score: 3111.9167
    200   174  5287335.0000    43  5304883.0000  5250956.5000     1730    1.02%        x.95.123 D    200    199     20
Elapsed time = 347.25 sec. (9861.93 ticks, tree = 2.24 MB, solutions = 2)
Cut score: 292.5000, branch score: 716.5833
    201   175  5287386.0000    45  5304883.0000  5250956.5000     1731    1.02%       x.182.188 D    201    200     21
Cut score: 292.5000, branch score: 471.5833
    202   176  5288710.5000    41  5304883.0000  5250956.5000     1732    1.02%        x.90.188 D    202    201     22
Cut score: 292.5000, branch score: 1591.5000
    203   177  5289052.0000    37  5304883.0000  5250956.5000     1734    1.02%          x.7.83 D    203    202     23
Cut score: 376.1000, branch score: 1949.1667
    204   178  5290014.5000    16  5304883.0000  5250956.5000     1737    1.02%        x.45.129 D    204    203     24
Cannot find any cut at node 205
    205   179  5297792.0000    16  5304883.0000  5250956.5000     1751    1.02%        x.18.126 D    205    204     25
Cannot find any cut at node 206
    206   180  5299497.0000    16  5304883.0000  5250956.5000     1759    1.02%         x.2.161 D    206    205     26
Cut score: 804.0000, branch score: 348.3333
At node 207, add 1 user cuts
Cannot find any cut at node 207
    207   181  5300927.0000    18  5304883.0000  5250956.5000     1761    1.02%       x.141.161 N    207    206     27
                                                      User: 1                  
Cannot find any cut at node 208
    208   182  5301731.0000    10  5304883.0000  5250956.5000     1762    1.02%        x.20.161 D    208    207     28
Cannot find any cut at node 209
    209   183  5301867.0000     6  5304883.0000  5250956.5000     1763    1.02%          x.4.96 D    209    208     29
Cannot find any cut at node 210
    210   184  5304400.5000     6  5304883.0000  5250956.5000     1773    1.02%       x.149.150 D    210    209     30
Elapsed time = 367.81 sec. (9956.69 ticks, tree = 2.38 MB, solutions = 2)
    211   183    infeasible        5304883.0000  5250956.5000     1773    1.02%         x.39.63 D    211    210     31
Cannot find any cut at node 212
    212   182        cutoff        5304883.0000  5250956.5000     1775    1.02%         x.39.63 U    212    210     31
Cut score: 316.5000, branch score: 1264.4167
    213   183  5256318.0000    16  5304883.0000  5254258.5000     1779    0.95%          x.0.55 U    213    183      4

User cuts applied:  659

Root node processing (before b&c):
  Real time             =    8.21 sec. (1902.93 ticks)
Sequential b&c:
  Real time             =  363.28 sec. (8096.42 ticks)
                          ------------
Total (root+branch&cut) =  371.48 sec. (9999.35 ticks)
