Version identifier: 12.10.0.0 | 2019-11-26 | 843d4de
CPXPARAM_Preprocessing_Presolve                  0
CPXPARAM_Read_DataCheck                          1
CPXPARAM_Threads                                 1
CPXPARAM_MIP_Display                             4
CPXPARAM_MIP_Strategy_Search                     1
CPXPARAM_MIP_Interval                            1
CPXPARAM_TimeLimit                               10800
CPXPARAM_MIP_Limits_CutsFactor                   0
Lazy constraint(s) or lazy constraint/branch callback is present.
    Disabling dual reductions (CPX_PARAM_REDUCE) in presolve.
    Disabling non-linear reductions (CPX_PARAM_PRELINEAR) in presolve.
    Disabling presolve reductions that prevent crushing forms.
Dual steepest-edge pricing selected.
MIP emphasis: balance optimality and feasibility.
MIP search method: traditional branch-and-cut.
Parallel mode: none, using 1 thread.
Initializing dual steep norms . . .

Iteration log . . .
Iteration:     1   Dual objective     =         61004.000000
Iteration:   173   Dual objective     =       3804799.000000
Root relaxation solution time = 0.01 sec. (7.35 ticks)

        Nodes                                         Cuts/
   Node  Left     Objective  IInf  Best Integer    Best Bound    ItCnt     Gap         Variable B NodeID Parent  Depth

      0     0  4386032.0000    36                4386032.0000      310         
      0     0  4551284.5000    36                   User: 102      388         
      0     0  4572083.5000    36                   User: 121      431         
      0     0  4579462.2500    36                    User: 68      445         
      0     0  4583845.2500    36                    User: 30      455         
      0     0  4590957.6250    36                    User: 18      468         
      0     0  4593117.0833    36                     User: 4      478         
      0     0  4593625.0000    36                     User: 6      483         
      0     2  4593625.0000   108                4593625.0000      483                                 0             0
Elapsed time = 12.48 sec. (5526.24 ticks, tree = 0.01 MB, solutions = 0)
Cut score: 1188.0714, branch score: 3123.2381
      1     3  4597978.9286   119                4593625.0000      492                  x.9.131 D      1      0      1
Cannot find any cut at node 2
      2     4  4595519.0000    68                4595519.0000      494                  x.9.131 U      2      0      1
Cannot find any cut at node 3
      3     5  4597351.5000    66                4595519.0000      496                  x.33.47 D      3      2      2
Cut score: 354.5000, branch score: 1218.6875
      4     6  4600723.7500    86                4597351.5000      506                  x.33.47 U      4      2      2
Cannot find any cut at node 5
      5     7  4599748.0000    60                4597351.5000      514                  x.33.89 D      5      3      3
Cut score: 709.0000, branch score: 1330.1667
      6     8  4605927.0000    66                4597978.9286      524                  x.33.89 U      6      3      3
Cannot find any cut at node 7
      7     9  4600685.7500    69                4597978.9286      527                 x.11.159 D      7      5      4
Cut score: 23.2500, branch score: 732.7500
      8    10  4605057.7500    57                4597978.9286      532                 x.11.159 U      8      5      4
Cut score: 69.7500, branch score: 2420.0000
      9    11  4601890.5000    67                4597978.9286      536                x.127.177 D      9      7      5
Cannot find any cut at node 10
*    10+   10                      6425987.0000  4597978.9286            28.45%
Found incumbent of value 6425987.000000 after 42.76 sec. (6897.27 ticks)
     10    12  4600816.5000    54  6425987.0000  4597978.9286      538   28.45%       x.127.177 U     10      7      5
                                                      User: 4                  
Elapsed time = 42.76 sec. (6897.54 ticks, tree = 0.10 MB, solutions = 1)
Cannot find any cut at node 11
     11    13  4602909.0000    52  6425987.0000  4597978.9286      540   28.45%        x.39.102 D     11     10      6
Cut score: 248.5000, branch score: 528.3333
     12    14  4604874.0000    56  6425987.0000  4597978.9286      551   28.45%        x.39.102 U     12     10      6
Cannot find any cut at node 13
     13    15  4604546.5000    46  6425987.0000  4597978.9286      554   28.45%       x.159.188 D     13     11      7
Cut score: 413.7727, branch score: 1206.3561
     14    16  4603248.2273    32  6425987.0000  4597978.9286      562   28.45%       x.159.188 U     14     11      7
Cut score: 413.7727, branch score: 81.8182
At node 15, add 2 user cuts
Cannot find any cut at node 15
     15    17  4604075.5000    62  6425987.0000  4597978.9286      568   28.45%        x.75.163 N     15     14      8
                                                      User: 2                  
Cut score: 979.0000, branch score: 2156.9167
     16    18  4609029.0000    66  6425987.0000  4597978.9286      578   28.45%        x.75.163 U     16     14      8
Cannot find any cut at node 17
     17    19  4604728.0000    70  6425987.0000  4597978.9286      579   28.45%        x.39.163 D     17     15      9
Cut score: 979.0000, branch score: 2402.5000
     18    20  4609856.0000    66  6425987.0000  4597978.9286      583   28.45%        x.39.163 U     18     15      9
Cannot find any cut at node 19
     19    21  4605963.5000    68  6425987.0000  4597978.9286      584   28.45%        x.66.163 D     19     17     10
Cannot find any cut at node 20
     20    22  4610838.5000    64  6425987.0000  4597978.9286      589   28.45%        x.66.163 U     20     17     10
Elapsed time = 75.74 sec. (7412.62 ticks, tree = 0.20 MB, solutions = 1)
Cannot find any cut at node 21
     21    23  4606812.7500    62  6425987.0000  4597978.9286      591   28.45%         x.6.111 D     21     19     11
Cannot find any cut at node 22
     22    24  4608354.0000    36  6425987.0000  4597978.9286      597   28.45%         x.6.111 U     22     19     11
Cannot find any cut at node 23
     23    25  4608511.0000    68  6425987.0000  4597978.9286      600   28.45%        x.64.111 D     23     21     12
Cut score: 2151.5000, branch score: 494.3333
At node 24, add 1 user cuts
Cannot find any cut at node 24
     24    26  4622211.5000    58  6425987.0000  4597978.9286      617   28.45%        x.64.111 N     24     21     12
                                                      User: 1                  
Cannot find any cut at node 25
     25    27  4609797.7500    60  6425987.0000  4597978.9286      623   28.45%        x.64.188 D     25     23     13
Cannot find any cut at node 26
     26    28  4613449.0000    36  6425987.0000  4597978.9286      630   28.45%        x.64.188 U     26     23     13
Cannot find any cut at node 27
     27    29  4610288.0000    66  6425987.0000  4597978.9286      632   28.45%        x.11.111 D     27     25     14
Cannot find any cut at node 28
     28    30  4630597.5000    58  6425987.0000  4597978.9286      646   28.45%        x.11.111 U     28     25     14
Cut score: 581.5000, branch score: 494.3333
At node 29, add 2 user cuts
Cannot find any cut at node 29
     29    31  4610998.0000    58  6425987.0000  4597978.9286      653   28.45%        x.11.188 N     29     27     15
                                                      User: 2                  
Cannot find any cut at node 30
*    30+   30                      4828301.0000  4597978.9286             4.77%
Found incumbent of value 4828301.000000 after 91.02 sec. (7903.70 ticks)
     30    32  4617003.0000    36  4828301.0000  4597978.9286      661    4.77%        x.11.188 U     30     27     15
Elapsed time = 91.02 sec. (7904.15 ticks, tree = 0.30 MB, solutions = 2)
Cannot find any cut at node 31
     31    33  4613216.5000    60  4828301.0000  4597978.9286      664    4.77%       x.112.124 D     31     29     16
Cannot find any cut at node 32
     32    34  4611147.5000    56  4828301.0000  4597978.9286      665    4.77%       x.112.124 U     32     29     16
Cannot find any cut at node 33
     33    35  4611639.0000    56  4828301.0000  4597978.9286      667    4.77%       x.154.163 D     33     32     17
Cut score: 979.0000, branch score: 2402.5000
     34    36  4618965.5000    56  4828301.0000  4597978.9286      674    4.77%       x.154.163 U     34     32     17
Cut score: 750.3333, branch score: 761.4167
     35    37  4614146.0000    38  4828301.0000  4597978.9286      683    4.77%        x.49.141 D     35     33     18
Cannot find any cut at node 36
     36    38  4612845.0000    10  4828301.0000  4597978.9286      684    4.77%        x.49.141 U     36     33     18
Cannot find any cut at node 37
     37    39  4612922.5000     8  4828301.0000  4597978.9286      685    4.77%        x.39.161 D     37     36     19
Cut score: 1438.0000, branch score: 682.1667
At node 38, add 2 user cuts
Cannot find any cut at node 38
     38    40  4617490.5000     6  4828301.0000  4597978.9286      694    4.77%        x.39.161 N     38     36     19
                                                      User: 2                  
Cannot find any cut at node 39
     39    41  4614650.5000    22  4828301.0000  4597978.9286      699    4.77%        x.75.102 D     39     37     20
Cannot find any cut at node 40
     40    42  4617813.0000     6  4828301.0000  4597978.9286      707    4.77%        x.75.102 U     40     37     20
Elapsed time = 108.19 sec. (8301.70 ticks, tree = 0.41 MB, solutions = 2)
Cannot find any cut at node 41
     41    43  4615020.5000    10  4828301.0000  4597978.9286      709    4.77%       x.142.152 D     41     39     21
Cannot find any cut at node 42
     42    44  4617701.5000     6  4828301.0000  4597978.9286      718    4.77%       x.142.152 U     42     39     21
Cannot find any cut at node 43
     43    45  4615257.0000     8  4828301.0000  4597978.9286      719    4.77%       x.102.154 D     43     41     22
Cannot find any cut at node 44
     44    46  4622009.0000     6  4828301.0000  4597978.9286      733    4.77%       x.102.154 U     44     41     22
Cannot find any cut at node 45
     45    47  4615453.0000    10  4828301.0000  4597978.9286      734    4.77%        x.75.161 D     45     43     23
Cannot find any cut at node 46
     46    48  4622314.5000     6  4828301.0000  4597978.9286      744    4.77%        x.75.161 U     46     43     23
Cannot find any cut at node 47
     47    49  4617396.0000     8  4828301.0000  4597978.9286      750    4.77%        x.57.102 D     47     45     24
Cannot find any cut at node 48
     48    50  4622874.0000     6  4828301.0000  4597978.9286      767    4.77%        x.57.102 U     48     45     24
Cannot find any cut at node 49
     49    51  4617566.0000     8  4828301.0000  4597978.9286      768    4.77%         x.14.19 D     49     47     25
Cannot find any cut at node 50
     50    52  4618661.0000    10  4828301.0000  4597978.9286      771    4.77%         x.10.19 D     50     49     26
Elapsed time = 115.11 sec. (8542.73 ticks, tree = 0.53 MB, solutions = 2)
     51    53  4621191.4356    71  4828301.0000  4597978.9286      775    4.77%         x.19.93 D     51     50     27
                                                      User: 3                  
Cannot find any cut at node 52
     52    54  4624432.5000    14  4828301.0000  4597978.9286      781    4.77%         x.19.93 U     52     50     27
Cut score: 1654.7787, branch score: 1275.5191
At node 53, add 2 user cuts
Cannot find any cut at node 53
     53    55  4624463.0000    12  4828301.0000  4597978.9286      800    4.77%       x.109.142 N     53     51     28
                                                      User: 2                  
*    54    52      integral     0  4624549.0000  4597978.9286      813    0.57%
Found incumbent of value 4624549.000000 after 123.89 sec. (8767.72 ticks)
     54    52  4624549.0000     0  4624549.0000  4597978.9286      813    0.57%       x.109.142 U     54     51     28
     55    51        cutoff        4624549.0000  4597978.9286      814    0.57%        x.19.119 D     55     53     29
     56    50        cutoff        4624549.0000  4597978.9286      815    0.57%        x.19.119 U     56     53     29

User cuts applied:  387

Root node processing (before b&c):
  Real time             =   12.47 sec. (5526.20 ticks)
Sequential b&c:
  Real time             =  111.44 sec. (3264.70 ticks)
                          ------------
Total (root+branch&cut) =  123.91 sec. (8790.90 ticks)
