Version identifier: 12.10.0.0 | 2019-11-26 | 843d4de
CPXPARAM_Preprocessing_Presolve                  0
CPXPARAM_Read_DataCheck                          1
CPXPARAM_Threads                                 1
CPXPARAM_MIP_Display                             4
CPXPARAM_MIP_Strategy_Search                     1
CPXPARAM_MIP_Interval                            1
CPXPARAM_TimeLimit                               10800
CPXPARAM_MIP_Limits_CutsFactor                   0
Lazy constraint(s) or lazy constraint/branch callback is present.
    Disabling dual reductions (CPX_PARAM_REDUCE) in presolve.
    Disabling non-linear reductions (CPX_PARAM_PRELINEAR) in presolve.
    Disabling presolve reductions that prevent crushing forms.
Dual steepest-edge pricing selected.
MIP emphasis: balance optimality and feasibility.
MIP search method: traditional branch-and-cut.
Parallel mode: none, using 1 thread.
Initializing dual steep norms . . .

Iteration log . . .
Iteration:     1   Dual objective     =        123728.000000
Iteration:   174   Dual objective     =       4374428.500000
Root relaxation solution time = 0.01 sec. (7.02 ticks)

        Nodes                                         Cuts/
   Node  Left     Objective  IInf  Best Integer    Best Bound    ItCnt     Gap         Variable B NodeID Parent  Depth

      0     0  4866894.0000    18                4866894.0000      306         
      0     0  5006514.5000    18                   User: 122      375         
      0     0  5059410.5000    18                    User: 63      426         
      0     0  5778978.5000    18                    User: 58      438         
      0     0  5806559.0000    18                    User: 11      447         
      0     0  5809276.5000    18                     User: 2      456         
      0     0  5809530.5000    18                     User: 1      457         
      0     0  5810102.0000    18                   User: 103      463         
*     0+    0                      6164615.0000  5810102.0000             5.75%
Found incumbent of value 6164615.000000 after 7.36 sec. (542.65 ticks)
*     0+    0                      5914551.0000  5810102.0000             1.77%
Found incumbent of value 5914551.000000 after 7.65 sec. (777.53 ticks)
      0     2  5810102.0000    18  5914551.0000  5810102.0000      463    1.77%                        0             0
Elapsed time = 7.93 sec. (927.86 ticks, tree = 0.01 MB, solutions = 2)
Cannot find any cut at node 1
      1     3  5817722.3333    37  5914551.0000  5810102.0000      471    1.77%         x.18.76 D      1      0      1
Cannot find any cut at node 2
      2     4  5815612.0000    12  5914551.0000  5815612.0000      477    1.67%         x.18.76 U      2      0      1
*     3     3      integral     0  5818885.0000  5815612.0000      484    0.06%
Found incumbent of value 5818885.000000 after 9.86 sec. (1156.50 ticks)
      3     3  5818885.0000     0  5818885.0000  5815612.0000      484    0.06%         x.34.98 D      3      2      2
*     4     2      integral     0  5818508.0000  5815612.0000      488    0.05%
Found incumbent of value 5818508.000000 after 9.90 sec. (1166.02 ticks)
      4     2  5818508.0000     0  5818508.0000  5817722.3333      488    0.01%         x.34.98 U      4      2      2
      5     1        cutoff        5818508.0000  5817722.3333      491    0.01%         x.34.98 U      5      1      2
      6     0        cutoff        5818508.0000  5818508.0000      493    0.00%         x.34.98 D      6      1      2

User cuts applied:  369

Root node processing (before b&c):
  Real time             =    7.92 sec. (928.08 ticks)
Sequential b&c:
  Real time             =    2.02 sec. (256.00 ticks)
                          ------------
Total (root+branch&cut) =    9.94 sec. (1184.08 ticks)
