Version identifier: 12.10.0.0 | 2019-11-26 | 843d4de
CPXPARAM_Preprocessing_Presolve                  0
CPXPARAM_Read_DataCheck                          1
CPXPARAM_Threads                                 1
CPXPARAM_MIP_Display                             4
CPXPARAM_MIP_Strategy_Search                     1
CPXPARAM_MIP_Interval                            1
CPXPARAM_TimeLimit                               10800
CPXPARAM_MIP_Limits_CutsFactor                   0
Lazy constraint(s) or lazy constraint/branch callback is present.
    Disabling dual reductions (CPX_PARAM_REDUCE) in presolve.
    Disabling non-linear reductions (CPX_PARAM_PRELINEAR) in presolve.
    Disabling presolve reductions that prevent crushing forms.
Dual steepest-edge pricing selected.
MIP emphasis: balance optimality and feasibility.
MIP search method: traditional branch-and-cut.
Parallel mode: none, using 1 thread.
Initializing dual steep norms . . .

Iteration log . . .
Iteration:     1   Dual objective     =         47853.000000
Iteration:   177   Dual objective     =       4036776.000000
Root relaxation solution time = 0.01 sec. (7.89 ticks)

        Nodes                                         Cuts/
   Node  Left     Objective  IInf  Best Integer    Best Bound    ItCnt     Gap         Variable B NodeID Parent  Depth

      0     0  4460507.5000    24                4460507.5000      311         
      0     0  4567720.6667    24                    User: 56      373         
      0     0  4595170.5000    24                   User: 105      394         
      0     0  4652005.6000    24                    User: 26      415         
      0     0  4783548.7500    24                    User: 29      426         
      0     0  4797264.0000    24                    User: 33      445         
      0     0  4804004.5000    24                     User: 8      455         
      0     0  4808702.0000    24                    User: 16      468         
      0     0  4810250.2500    24                    User: 15      479         
      0     0  4814986.2500    24                    User: 13      485         
      0     0  4815964.7500    24                     User: 1      486         
*     0+    0                      5742512.0000  4815964.7500            16.13%
Found incumbent of value 5742512.000000 after 6.05 sec. (593.19 ticks)
*     0+    0                      5120026.0000  4815964.7500             5.94%
Found incumbent of value 5120026.000000 after 6.34 sec. (898.52 ticks)
      0     2  4815964.7500    36  5120026.0000  4815964.7500      486    5.94%                        0             0
Elapsed time = 7.08 sec. (1420.56 ticks, tree = 0.01 MB, solutions = 2)
Cannot find any cut at node 1
      1     3  4818168.6667    29  5120026.0000  4815964.7500      491    5.94%        x.24.137 D      1      0      1
Cannot find any cut at node 2
      2     4  4826981.0000    29  5120026.0000  4818168.6667      507    5.90%        x.24.137 U      2      0      1
Cannot find any cut at node 3
      3     5  4819280.0000    20  5120026.0000  4818168.6667      514    5.90%         x.82.92 D      3      1      2
Cannot find any cut at node 4
      4     6  4824636.5000    26  5120026.0000  4819280.0000      522    5.87%         x.82.92 U      4      1      2
Cannot find any cut at node 5
      5     7  4829203.5000    14  5120026.0000  4819280.0000      537    5.87%       x.137.183 D      5      3      3
Cut score: 469.0000, branch score: 2706.2708
      6     8  4819673.5000    41  5120026.0000  4819673.5000      539    5.87%       x.137.183 N      6      3      3
Cut score: 4344.0000, branch score: 537.5000
At node 7, add 105 user cuts
Cut score: 13.0000, branch score: 968.0833
      7     9  4830302.0000    36  5120026.0000  4819673.5000      559    5.87%         x.22.28 N      7      6      4
                                                    User: 105                  
Cut score: 529.7083, branch score: 584.8750
      8    10  4822133.1250    49  5120026.0000  4822133.1250      570    5.82%         x.22.28 U      8      6      4
Cut score: 691.1667, branch score: 1677.4167
      9    11  4822135.5000    16  5120026.0000  4822133.1250      571    5.82%         x.22.98 D      9      8      5
Cut score: 691.1667, branch score: 1442.4167
     10    12  4823108.5000     8  5120026.0000  4822133.1250      572    5.82%        x.41.122 D     10      9      6
Elapsed time = 46.30 sec. (2501.80 ticks, tree = 0.10 MB, solutions = 2)
Cut score: 3575.6667, branch score: 2443.3333
At node 11, add 12 user cuts
Cut score: 949.5000, branch score: 522.3333
At node 11, add 2 user cuts
Cut score: 97.5000, branch score: 522.3333
     11    13  4831860.1667    37  5120026.0000  4822133.1250      594    5.82%        x.41.122 N     11      9      6
                                                     User: 14                  
Cannot find any cut at node 12
     12    14  4827568.3333    19  5120026.0000  4822133.1250      610    5.82%         x.17.80 D     12     10      7
Cannot find any cut at node 13
     13    15  4827898.6667    21  5120026.0000  4822133.1250      614    5.82%         x.19.40 D     13     12      8
Cannot find any cut at node 14
     14    16  4828024.5000     6  5120026.0000  4822133.1250      620    5.82%         x.19.40 U     14     12      8
Cannot find any cut at node 15
     15    17  4828990.6667    19  5120026.0000  4822133.1250      626    5.82%        x.70.110 D     15     13      9
     16    18  4842605.0000     6  5120026.0000  4822133.1250      641    5.82%        x.70.110 U     16     13      9
                                                      User: 2                  
Cannot find any cut at node 17
     17    19  4831600.6667    21  5120026.0000  4822133.1250      645    5.82%         x.32.70 D     17     15     10
Cannot find any cut at node 18
     18    20  4829204.3333    19  5120026.0000  4822133.1250      647    5.82%         x.32.70 U     18     15     10
*    19    11      integral     0  4829417.0000  4822133.1250      648    0.15%
Found incumbent of value 4829417.000000 after 76.17 sec. (3097.23 ticks)
     19    11  4829417.0000     0  4829417.0000  4822133.1250      648    0.15%       x.138.146 D     19     18     11
     20    10        cutoff        4829417.0000  4822133.1250      649    0.15%       x.138.146 U     20     18     11
Elapsed time = 76.19 sec. (3106.36 ticks, tree = 0.10 MB, solutions = 3)
     21     9        cutoff        4829417.0000  4823108.5000      657    0.13%         x.22.98 U     21      8      5

User cuts applied:  433

Root node processing (before b&c):
  Real time             =    7.07 sec. (1420.49 ticks)
Sequential b&c:
  Real time             =   69.13 sec. (1699.61 ticks)
                          ------------
Total (root+branch&cut) =   76.20 sec. (3120.09 ticks)
