Version identifier: 12.10.0.0 | 2019-11-26 | 843d4de
CPXPARAM_Preprocessing_Presolve                  0
CPXPARAM_Read_DataCheck                          1
CPXPARAM_Threads                                 1
CPXPARAM_MIP_Display                             4
CPXPARAM_MIP_Strategy_Search                     1
CPXPARAM_MIP_Interval                            1
CPXPARAM_TimeLimit                               10800
CPXPARAM_MIP_Limits_CutsFactor                   0
Lazy constraint(s) or lazy constraint/branch callback is present.
    Disabling dual reductions (CPX_PARAM_REDUCE) in presolve.
    Disabling non-linear reductions (CPX_PARAM_PRELINEAR) in presolve.
    Disabling presolve reductions that prevent crushing forms.
Dual steepest-edge pricing selected.
MIP emphasis: balance optimality and feasibility.
MIP search method: traditional branch-and-cut.
Parallel mode: none, using 1 thread.
Initializing dual steep norms . . .

Iteration log . . .
Iteration:     1   Dual objective     =         75756.000000
Iteration:   170   Dual objective     =       3610551.500000
Iteration:   316   Dual objective     =       4201369.000000
Root relaxation solution time = 0.00 sec. (7.23 ticks)

        Nodes                                         Cuts/
   Node  Left     Objective  IInf  Best Integer    Best Bound    ItCnt     Gap         Variable B NodeID Parent  Depth

      0     0  4201369.0000    44                4201369.0000      316         
      0     0  4361642.0000    44                   User: 123      369         
      0     0  4412208.0000    44                    User: 92      397         
      0     0  5704398.0000    44                    User: 36      415         
      0     0  5731312.0000    44                    User: 16      423         
      0     0  5731343.7500    44                     User: 1      424         
*     0+    0                      6231714.0000  5731343.7500             8.03%
Found incumbent of value 6231714.000000 after 2.44 sec. (527.02 ticks)
      0     2  5731343.7500    73  6231714.0000  5731343.7500      424    8.03%                        0             0
Elapsed time = 2.77 sec. (1227.22 ticks, tree = 0.01 MB, solutions = 1)
Cannot find any cut at node 1
      1     3  5732814.2500    75  6231714.0000  5731343.7500      425    8.03%       x.120.196 D      1      0      1
Cannot find any cut at node 2
      2     4  5738991.2500    73  6231714.0000  5732814.2500      433    8.01%       x.120.196 U      2      0      1
Cut score: 1085.5000, branch score: 1317.4583
      3     5  5733369.0000    52  6231714.0000  5732814.2500      435    8.01%       x.120.142 D      3      1      2
Cut score: 1372.0000, branch score: 1317.4583
At node 4, add 1 user cuts
Cannot find any cut at node 4
      4     6  5736559.0000    58  6231714.0000  5733369.0000      438    8.00%       x.120.142 N      4      1      2
                                                      User: 1                  
Cut score: 286.5000, branch score: 1366.0833
      5     7  5735055.7500    58  6231714.0000  5733369.0000      440    8.00%       x.167.193 D      5      3      3
Cut score: 506.0000, branch score: 3222.0833
      6     8  5739353.0000    22  6231714.0000  5735055.7500      448    7.97%       x.167.193 U      6      3      3
Cut score: 286.5000, branch score: 1255.7083
      7     9  5737739.2500    60  6231714.0000  5735055.7500      451    7.97%        x.73.193 D      7      5      4
Cut score: 506.0000, branch score: 2650.4167
      8    10  5741758.0000    22  6231714.0000  5736559.0000      456    7.95%        x.73.193 U      8      5      4
Cut score: 286.5000, branch score: 1808.3333
      9    11  5738547.7500    58  6231714.0000  5736559.0000      458    7.95%       x.167.181 D      9      7      5
Cut score: 286.5000, branch score: 2412.9167
     10    12  5741231.0000    22  6231714.0000  5736559.0000      460    7.95%       x.167.181 U     10      7      5
Elapsed time = 27.45 sec. (1819.08 ticks, tree = 0.10 MB, solutions = 1)
Cut score: 1765.5000, branch score: 1113.2500
At node 11, add 14 user cuts
Cut score: 900.0000, branch score: 705.4167
At node 11, add 3 user cuts
Cannot find any cut at node 11
     11    13  5742698.2500    60  6231714.0000  5736559.0000      471    7.95%        x.55.122 N     11      9      6
                                                     User: 17                  
Cannot find any cut at node 12
     12    14  5742259.2500    60  6231714.0000  5736559.0000      475    7.95%        x.55.122 U     12      9      6
Cannot find any cut at node 13
     13    15  5743844.2500    58  6231714.0000  5736559.0000      477    7.95%        x.70.160 D     13     12      7
Cut score: 203.2500, branch score: 1715.0833
     14    16  5752967.0000    58  6231714.0000  5736559.0000      487    7.95%        x.70.160 U     14     12      7
Cannot find any cut at node 15
     15    17  5744845.7500    52  6231714.0000  5736559.0000      491    7.95%       x.122.160 N     15     13      8
Cannot find any cut at node 16
     16    18  5747137.2500    58  6231714.0000  5736559.0000      495    7.95%       x.122.160 U     16     13      8
Cannot find any cut at node 17
     17    19  5745230.7500    50  6231714.0000  5736559.0000      496    7.95%        x.23.169 D     17     15      9
Cut score: 217.0000, branch score: 1027.6667
     18    20  5753392.2500    52  6231714.0000  5736559.0000      507    7.95%        x.23.169 U     18     15      9
Cannot find any cut at node 19
     19    21  5745906.2500    54  6231714.0000  5736559.0000      509    7.95%         x.10.23 D     19     17     10
Cut score: 4103.0000, branch score: 1027.6667
At node 20, add 5 user cuts
Cannot find any cut at node 20
     20    22  5758265.2500    50  6231714.0000  5736559.0000      529    7.95%         x.10.23 N     20     17     10
                                                      User: 5                  
Elapsed time = 55.62 sec. (2317.06 ticks, tree = 0.19 MB, solutions = 1)
Cannot find any cut at node 21
     21    23  5746792.2500    48  6231714.0000  5736559.0000      530    7.95%          x.0.75 D     21     19     11
Cannot find any cut at node 22
     22    24  5747642.2500    48  6231714.0000  5736559.0000      536    7.95%          x.0.75 U     22     19     11
Cannot find any cut at node 23
     23    25  5747360.2500    46  6231714.0000  5736559.0000      537    7.95%        x.21.193 D     23     21     12
Cannot find any cut at node 24
     24    26  5747060.7500    45  6231714.0000  5736559.0000      540    7.95%        x.21.193 U     24     21     12
Cut score: 1054.0000, branch score: 1624.1667
     25    27  5755225.5000    18  6231714.0000  5736559.0000      551    7.95%        x.21.181 D     25     24     13
Cut score: 23.0000, branch score: 1722.5278
     26    28  5747362.0000    45  6231714.0000  5736559.0000      554    7.95%        x.21.181 U     26     24     13
Cut score: 7991.5000, branch score: 2945.6667
At node 27, add 4 user cuts
Cannot find any cut at node 27
     27    29  5760549.5000    46  6231714.0000  5736559.0000      565    7.95%       x.133.147 N     27     26     14
                                                      User: 4                  
Cannot find any cut at node 28
     28    30  5747385.0000    46  6231714.0000  5736559.0000      566    7.95%       x.133.147 U     28     26     14
Cannot find any cut at node 29
     29    31  5747591.0000    44  6231714.0000  5736559.0000      567    7.95%        x.41.169 D     29     28     15
Cannot find any cut at node 30
     30    32  5757209.0000    42  6231714.0000  5736559.0000      575    7.95%        x.41.169 U     30     28     15
                                                      User: 2                  
Elapsed time = 74.86 sec. (2673.36 ticks, tree = 0.28 MB, solutions = 1)
Cannot find any cut at node 31
     31    33  5747743.5000    46  6231714.0000  5736559.0000      577    7.95%         x.10.41 D     31     29     16
Cannot find any cut at node 32
     32    34  5761507.0000    42  6231714.0000  5736559.0000      600    7.95%         x.10.41 U     32     29     16
Cannot find any cut at node 33
     33    35  5748765.5000    48  6231714.0000  5736559.0000      604    7.95%         x.23.94 D     33     31     17
Cannot find any cut at node 34
     34    36  5755746.0000    42  6231714.0000  5736559.0000      612    7.95%         x.23.94 U     34     31     17
Cannot find any cut at node 35
     35    37  5749852.5000    42  6231714.0000  5736559.0000      616    7.95%         x.41.94 D     35     33     18
Cannot find any cut at node 36
     36    38  5757790.0000    42  6231714.0000  5736559.0000      621    7.95%         x.41.94 U     36     33     18
Cannot find any cut at node 37
     37    39  5749953.5000    44  6231714.0000  5736559.0000      622    7.95%        x.25.167 D     37     35     19
     38    40  5759552.5000    16  6231714.0000  5736559.0000      631    7.95%        x.25.167 U     38     35     19
                                                      User: 2                  
Cannot find any cut at node 39
     39    41  5753713.2500    42  6231714.0000  5736559.0000      636    7.95%         x.67.85 D     39     37     20
Cannot find any cut at node 40
*    40+   40                      5785352.0000  5736559.0000             0.84%
Found incumbent of value 5785352.000000 after 80.82 sec. (3033.08 ticks)
     40    42  5750232.7500    40  5785352.0000  5736559.0000      638    0.84%         x.67.85 U     40     37     20
Elapsed time = 80.82 sec. (3033.49 ticks, tree = 0.38 MB, solutions = 2)

User cuts applied:  307

Root node processing (before b&c):
  Real time             =    2.76 sec. (1227.11 ticks)
Sequential b&c:
  Real time             =   78.06 sec. (1811.42 ticks)
                          ------------
Total (root+branch&cut) =   80.83 sec. (3038.52 ticks)
